\BOOKMARK [0][-]{chapter.1}{\376\377\000I\000n\000t\000r\000o\000d\000u\000c\000t\000i\000o\000n}{}% 1
\BOOKMARK [1][-]{section.1.1}{\376\377\000G\000o\000a\000l\000\040\000o\000f\000\040\000t\000h\000e\000\040\000R\000e\000a\000d\000e\000r}{chapter.1}% 2
\BOOKMARK [1][-]{section.1.2}{\376\377\000D\000e\000v\000e\000l\000o\000p\000m\000e\000n\000t\000\040\000E\000n\000v}{chapter.1}% 3
\BOOKMARK [2][-]{subsection.1.2.1}{\376\377\000S\000t\000m\000c\000u\000b\000e\000\040\000M\000x}{section.1.2}% 4
\BOOKMARK [1][-]{section.1.3}{\376\377\000B\000o\000a\000r\000d\000\040\000a\000n\000d\000\040\000D\000o\000c\000u\000m\000e\000n\000t\000a\000t\000i\000o\000n}{chapter.1}% 5
\BOOKMARK [2][-]{subsection.1.3.1}{\376\377\000B\000o\000a\000r\000d}{section.1.3}% 6
\BOOKMARK [2][-]{subsection.1.3.2}{\376\377\000D\000o\000c\000u\000m\000e\000n\000t\000s}{section.1.3}% 7
\BOOKMARK [1][-]{section.1.4}{\376\377\000H\000e\000l\000l\000o\000\040\000L\000E\000D\000\040\000e\000x\000a\000m\000p\000l\000e}{chapter.1}% 8
\BOOKMARK [2][-]{subsection.1.4.1}{\376\377\000P\000o\000r\000t\000\040\000a\000n\000d\000\040\000P\000i\000n\000s}{section.1.4}% 9
\BOOKMARK [2][-]{subsection.1.4.2}{\376\377\000P\000o\000r\000t\000s\000\040\000a\000n\000d\000\040\000A\000d\000d\000r\000e\000s\000s\000e\000s}{section.1.4}% 10
\BOOKMARK [2][-]{subsection.1.4.3}{\376\377\000B\000u\000s\000e\000s}{section.1.4}% 11
\BOOKMARK [2][-]{subsection.1.4.4}{\376\377\000C\000o\000d\000e\000:}{section.1.4}% 12
\BOOKMARK [1][-]{section.1.5}{\376\377\000S\000u\000m\000m\000a\000r\000y}{chapter.1}% 13
\BOOKMARK [0][-]{chapter.2}{\376\377\000G\000P\000I\000O}{}% 14
\BOOKMARK [1][-]{section.2.1}{\376\377\000I\000n\000t\000r\000o\000d\000u\000c\000t\000i\000o\000n}{chapter.2}% 15
\BOOKMARK [2][-]{subsection.2.1.1}{\376\377\000T\000y\000p\000e\000\040\000o\000f\000\040\000R\000e\000g\000i\000s\000t\000e\000r\000\040\000i\000n\000\040\000G\000P\000I\000O\000\040\000P\000e\000r\000i\000p\000h\000e\000r\000a\000l}{section.2.1}% 16
\BOOKMARK [1][-]{section.2.2}{\376\377\000B\000S\000R\000R\000,\000\040\000P\000u\000s\000h\000\040\000B\000u\000t\000t\000o\000n}{chapter.2}% 17
\BOOKMARK [0][-]{chapter.3}{\376\377\000U\000A\000R\000T}{}% 18
\BOOKMARK [1][-]{section.3.1}{\376\377\000I\000n\000t\000r\000o\000d\000u\000c\000t\000i\000o\000n}{chapter.3}% 19
\BOOKMARK [1][-]{section.3.2}{\376\377\000C\000o\000d\000i\000n\000g\000\040\000E\000x\000a\000m\000p\000l\000e}{chapter.3}% 20
\BOOKMARK [2][-]{subsection.3.2.1}{\376\377\000U\000A\000R\000T\000\040\000C\000l\000o\000c\000k\000\040\000R\000e\000g\000i\000s\000t\000e\000r\000s\000\040\000C\000o\000n\000f\000i\000g\000u\000r\000a\000t\000i\000o\000n}{section.3.2}% 21
\BOOKMARK [2][-]{subsection.3.2.2}{\376\377\000P\000i\000n\000s\000\040\000C\000o\000n\000f\000i\000g\000u\000r\000a\000t\000i\000o\000n}{section.3.2}% 22
\BOOKMARK [2][-]{subsection.3.2.3}{\376\377\000A\000l\000t\000e\000r\000n\000a\000t\000e\000\040\000f\000u\000n\000c\000t\000i\000o\000n\000\040\000r\000e\000g\000i\000s\000t\000e\000r}{section.3.2}% 23
\BOOKMARK [1][-]{section.3.3}{\376\377\000S\000u\000m\000m\000a\000r\000y\000\040\000U\000A\000R\000T}{chapter.3}% 24
