\BOOKMARK [0][-]{chapter.1}{\376\377\000D\000a\000t\000a\000\040\000R\000e\000p\000r\000e\000s\000e\000n\000t\000a\000t\000i\000o\000n}{}% 1
\BOOKMARK [1][-]{section.1.1}{\376\377\000I\000n\000t\000r\000o\000d\000u\000c\000t\000i\000o\000n}{chapter.1}% 2
\BOOKMARK [1][-]{section.1.2}{\376\377\000S\000o\000u\000r\000c\000e}{chapter.1}% 3
\BOOKMARK [1][-]{section.1.3}{\376\377\000B\000i\000t\000,\000\040\000B\000y\000t\000e\000\040\000W\000o\000r\000d}{chapter.1}% 4
\BOOKMARK [1][-]{section.1.4}{\376\377\000D\000a\000t\000a\000\040\000T\000y\000p\000e\000s\000\040\000i\000n\000\040\000C}{chapter.1}% 5
\BOOKMARK [1][-]{section.1.5}{\376\377\000N\000u\000m\000b\000e\000r\000\040\000S\000y\000s\000t\000e\000m\000\040\000a\000n\000d\000\040\000B\000a\000s\000e\000s}{chapter.1}% 6
\BOOKMARK [2][-]{subsection.1.5.1}{\376\377\000B\000a\000s\000e\000\040\000R\000e\000p\000r\000e\000s\000e\000n\000t\000a\000t\000i\000o\000n\000\040\000i\000n\000\040\000C\000\040\000c\000o\000d\000e}{section.1.5}% 7
\BOOKMARK [0][-]{chapter.2}{\376\377\000I\000n\000t\000r\000o\000d\000u\000c\000t\000i\000o\000n}{}% 8
\BOOKMARK [0][-]{chapter.3}{\376\377\000R\000e\000v\000i\000e\000w\000\040\000o\000f\000\040\000C}{}% 9
\BOOKMARK [1][-]{section.3.1}{\376\377\000G\000o\000a\000l}{chapter.3}% 10
\BOOKMARK [1][-]{section.3.2}{\376\377\000G\000i\000t\000h\000u\000b\000\040\000a\000n\000d\000\040\000R\000e\000p\000o\000s\000i\000t\000o\000r\000y}{chapter.3}% 11
\BOOKMARK [1][-]{section.3.3}{\376\377\000G\000N\000U\000\040\000t\000o\000o\000l\000s\000\040\000f\000o\000r\000\040\000w\000i\000n\000d\000o\000w\000s}{chapter.3}% 12
\BOOKMARK [1][-]{section.3.4}{\376\377\000B\000o\000a\000r\000d}{chapter.3}% 13
\BOOKMARK [2][-]{subsection.3.4.1}{\376\377\000C\000a\000b\000l\000e\000\040\000T\000y\000p\000e}{section.3.4}% 14
\BOOKMARK [1][-]{section.3.5}{\376\377\000C\000r\000e\000a\000t\000i\000n\000g\000\040\000P\000r\000o\000j\000e\000c\000t\000\040\000i\000n\000\040\000S\000T\000M\000C\000u\000b\000e\000\040\000I\000D\000E}{chapter.3}% 15
\BOOKMARK [2][-]{subsection.3.5.1}{\376\377\000C\000r\000e\000a\000t\000i\000n\000g\000\040\000a\000\040\000W\000o\000r\000k\000s\000p\000a\000c\000e}{section.3.5}% 16
\BOOKMARK [2][-]{subsection.3.5.2}{\376\377\000I\000m\000p\000o\000r\000t\000i\000n\000g\000\040\000E\000x\000i\000s\000t\000i\000n\000g\000\040\000P\000r\000o\000j\000e\000c\000t\000s}{section.3.5}% 17
\BOOKMARK [2][-]{subsection.3.5.3}{\376\377\000C\000r\000e\000a\000t\000i\000n\000g\000\040\000a\000\040\000p\000r\000o\000j\000e\000c\000t\000\040\000f\000o\000r\000\040\000H\000o\000s\000t}{section.3.5}% 18
\BOOKMARK [2][-]{subsection.3.5.4}{\376\377\000P\000r\000o\000j\000e\000c\000t\000\040\000o\000n\000\040\000B\000o\000a\000r\000d}{section.3.5}% 19
\BOOKMARK [1][-]{section.3.6}{\376\377\000D\000a\000t\000a\000\040\000T\000y\000p\000e\000s\000\040\000i\000n\000\040\000C}{chapter.3}% 20
\BOOKMARK [1][-]{section.3.7}{\376\377\000V\000a\000r\000i\000a\000b\000l\000e\000s\000\040\000i\000n\000\040\000C\000\040\000p\000r\000o\000g\000r\000a\000m}{chapter.3}% 21
\BOOKMARK [2][-]{subsection.3.7.1}{\376\377\000D\000e\000c\000l\000a\000r\000a\000t\000i\000o\000n\000\040\000V\000s\000\040\000D\000e\000f\000i\000n\000i\000t\000i\000o\000n}{section.3.7}% 22
\BOOKMARK [1][-]{section.3.8}{\376\377\000T\000y\000p\000e\000\040\000C\000a\000s\000t\000i\000n\000g}{chapter.3}% 23
\BOOKMARK [1][-]{section.3.9}{\376\377\000H\000e\000l\000l\000o\000\040\000S\000t\000m\0003\0002}{chapter.3}% 24
\BOOKMARK [2][-]{subsection.3.9.1}{\376\377\000P\000r\000i\000n\000t\000i\000n\000g\000\040\000H\000e\000l\000l\000o\000\040\000w\000o\000r\000l\000d}{section.3.9}% 25
\BOOKMARK [2][-]{subsection.3.9.2}{\376\377\000C\000r\000o\000s\000s\000\040\000C\000o\000m\000p\000i\000l\000a\000t\000i\000o\000n}{section.3.9}% 26
\BOOKMARK [2][-]{subsection.3.9.3}{\376\377\000S\000t\000e\000p\000s\000\040\000o\000f\000\040\000b\000u\000i\000l\000d\000i\000n\000g\000\040\000t\000h\000e\000\040\000p\000r\000o\000j\000e\000c\000t}{section.3.9}% 27
\BOOKMARK [2][-]{subsection.3.9.4}{\376\377\000B\000a\000c\000k\000\040\000t\000o\000\040\000E\000d\000i\000t\000i\000n\000g\000\040\000m\000o\000d\000e}{section.3.9}% 28
\BOOKMARK [2][-]{subsection.3.9.5}{\376\377\000O\000p\000e\000n\000\040\000O\000C\000D}{section.3.9}% 29
\BOOKMARK [2][-]{subsection.3.9.6}{\376\377\000S\000o\000m\000e\000\040\000E\000x\000t\000r\000a\000\040\000S\000e\000t\000t\000i\000n\000g\000s}{section.3.9}% 30
\BOOKMARK [1][-]{section.3.10}{\376\377\000B\000u\000i\000l\000d\000\040\000P\000r\000o\000c\000e\000s\000s}{chapter.3}% 31
\BOOKMARK [1][-]{section.3.11}{\376\377\000A\000n\000a\000l\000y\000z\000i\000n\000g\000\040\000C\000\040\000e\000m\000b\000e\000d\000d\000e\000d\000\040\000C\000o\000d\000e}{chapter.3}% 32
\BOOKMARK [2][-]{subsection.3.11.1}{\376\377\000A\000n\000a\000t\000o\000m\000y\000\040\000o\000f\000\040\000m\000i\000c\000r\000o\000c\000o\000n\000t\000r\000o\000l\000l\000e\000r}{section.3.11}% 33
\BOOKMARK [2][-]{subsection.3.11.2}{\376\377\000C\000o\000d\000e\000\040\000M\000e\000m\000o\000r\000y}{section.3.11}% 34
\BOOKMARK [2][-]{subsection.3.11.3}{\376\377\000T\000r\000a\000c\000k\000i\000n\000g\000\040\000v\000a\000r\000i\000a\000b\000l\000e\000\040\000i\000n\000\040\000t\000h\000e\000\040\000m\000e\000m\000o\000r\000y}{section.3.11}% 35
\BOOKMARK [2][-]{subsection.3.11.4}{\376\377\000D\000i\000s\000a\000s\000s\000e\000m\000b\000l\000y}{section.3.11}% 36
\BOOKMARK [1][-]{section.3.12}{\376\377\000F\000l\000o\000a\000t\000i\000n\000g\000\040\000P\000o\000i\000n\000t\000\040\000n\000u\000m\000b\000e\000r\000s}{chapter.3}% 37
\BOOKMARK [2][-]{subsection.3.12.1}{\376\377\000I\000E\000E\000E\0007\0005\000\040\000f\000l\000o\000a\000t\000i\000n\000g}{section.3.12}% 38
\BOOKMARK [1][-]{section.3.13}{\376\377\000S\000c\000a\000n\000f}{chapter.3}% 39
\BOOKMARK [1][-]{section.3.14}{\376\377\000P\000o\000i\000n\000t\000e\000r\000s}{chapter.3}% 40
\BOOKMARK [1][-]{section.3.15}{\376\377\000s\000t\000d\000i\000n\000t\000\040\000a\000n\000d\000\040\000P\000o\000r\000t\000a\000b\000i\000l\000i\000t\000y}{chapter.3}% 41
\BOOKMARK [1][-]{section.3.16}{\376\377\000B\000i\000t\000w\000i\000s\000e\000\040\000O\000p\000e\000r\000a\000t\000i\000o\000n}{chapter.3}% 42
\BOOKMARK [2][-]{subsection.3.16.1}{\376\377\000T\000e\000s\000t\000i\000n\000g\000\040\000b\000i\000t}{section.3.16}% 43
\BOOKMARK [2][-]{subsection.3.16.2}{\376\377\000O\000R}{section.3.16}% 44
\BOOKMARK [2][-]{subsection.3.16.3}{\376\377\000X\000O\000R}{section.3.16}% 45
\BOOKMARK [1][-]{section.3.17}{\376\377\000L\000E\000D\000\040\000P\000r\000a\000c\000t\000i\000c\000e}{chapter.3}% 46
\BOOKMARK [2][-]{subsection.3.17.1}{\376\377\000H\000a\000r\000d\000w\000a\000r\000e\000\040\000G\000P\000I\000O\000,\000B\000u\000s}{section.3.17}% 47
\BOOKMARK [2][-]{subsection.3.17.2}{\376\377\000P\000e\000r\000i\000p\000h\000e\000r\000a\000l\000\040\000I\000n\000f\000o\000r\000m\000a\000t\000i\000o\000n}{section.3.17}% 48
\BOOKMARK [2][-]{subsection.3.17.3}{\376\377\000P\000r\000o\000c\000e\000d\000u\000r\000e\000\040\000f\000o\000r\000\040\000t\000u\000r\000n\000i\000n\000g\000\040\000a\000\040\000L\000E\000D}{section.3.17}% 49
\BOOKMARK [2][-]{subsection.3.17.4}{\376\377\000C\000o\000n\000f\000i\000g\000u\000r\000i\000n\000g\000\040\000C\000l\000o\000c\000k\000s}{section.3.17}% 50
\BOOKMARK [2][-]{subsection.3.17.5}{\376\377\000C\000o\000n\000f\000i\000g\000u\000r\000i\000n\000g\000\040\000G\000P\000I\000O}{section.3.17}% 51
\BOOKMARK [2][-]{subsection.3.17.6}{\376\377\000M\000o\000n\000i\000t\000o\000r\000i\000n\000g\000\040\000R\000e\000g\000i\000s\000t\000e\000r\000s\000\040\000i\000n\000\040\000R\000e\000a\000l\000\040\000t\000i\000m\000e}{section.3.17}% 52
\BOOKMARK [1][-]{section.3.18}{\376\377\000B\000i\000t\000w\000i\000s\000e\000\040\000O\000p\000e\000r\000a\000t\000i\000o\000n\000:\000\040\000s\000h\000i\000f\000t\000i\000n\000g}{chapter.3}% 53
\BOOKMARK [2][-]{subsection.3.18.1}{\376\377\000B\000i\000t\000w\000i\000s\000e\000\040\000R\000i\000g\000h\000t}{section.3.18}% 54
\BOOKMARK [2][-]{subsection.3.18.2}{\376\377\000B\000i\000t\000w\000i\000s\000e\000\040\000L\000e\000f\000t}{section.3.18}% 55
\BOOKMARK [2][-]{subsection.3.18.3}{\376\377\000S\000o\000m\000e\000\040\000n\000o\000t\000e\000s\000\040\000a\000b\000o\000u\000t\000\040\000b\000i\000t\000w\000i\000s\000e\000\040\000s\000h\000i\000f\000t}{section.3.18}% 56
\BOOKMARK [2][-]{subsection.3.18.4}{\376\377\000A\000p\000p\000l\000i\000c\000a\000b\000i\000l\000i\000t\000y\000\040\000o\000f\000\040\000B\000i\000t\000w\000i\000s\000e\000\040\000i\000n\000\040\000E\000m\000b\000e\000d\000d\000e\000d\000\040\000P\000r\000o\000g\000r\000a\000m\000m\000i\000n\000g}{section.3.18}% 57
\BOOKMARK [1][-]{section.3.19}{\376\377\000B\000i\000t\000\040\000E\000x\000t\000r\000a\000c\000t\000i\000o\000n}{chapter.3}% 58
\BOOKMARK [1][-]{section.3.20}{\376\377\000L\000o\000o\000p\000\040\000i\000n\000\040\000E\000m\000b\000e\000d\000d\000e\000d\000\040\000p\000r\000o\000g\000r\000a\000m\000m\000i\000n\000g}{chapter.3}% 59
\BOOKMARK [2][-]{subsection.3.20.1}{\376\377\000w\000h\000i\000l\000e\000\040\000l\000o\000o\000p}{section.3.20}% 60
\BOOKMARK [2][-]{subsection.3.20.2}{\376\377\000d\000o\000\040\000w\000h\000i\000l\000e}{section.3.20}% 61
\BOOKMARK [1][-]{section.3.21}{\376\377\000L\000E\000D\000\040\000T\000o\000g\000g\000l\000i\000n\000g}{chapter.3}% 62
\BOOKMARK [1][-]{section.3.22}{\376\377\000T\000y\000p\000e\000\040\000Q\000u\000a\000l\000i\000f\000i\000e\000r\000:\000\040\000c\000o\000n\000s\000t}{chapter.3}% 63
\BOOKMARK [1][-]{section.3.23}{\376\377\000P\000i\000n\000\040\000r\000e\000a\000d}{chapter.3}% 64
\BOOKMARK [2][-]{subsection.3.23.1}{\376\377\000P\000r\000o\000b\000l\000e\000m\000\040\000S\000t\000a\000t\000e\000m\000e\000n\000t}{section.3.23}% 65
\BOOKMARK [2][-]{subsection.3.23.2}{\376\377\000H\000i\000n\000t\000s\000\040\000a\000n\000d\000\040\000C\000h\000e\000c\000k\000i\000n\000g}{section.3.23}% 66
\BOOKMARK [2][-]{subsection.3.23.3}{\376\377\000P\000r\000o\000g\000r\000a\000m\000m\000i\000n\000g}{section.3.23}% 67
\BOOKMARK [1][-]{section.3.24}{\376\377\000C\000o\000m\000p\000i\000l\000e\000r\000\040\000O\000p\000t\000i\000m\000i\000z\000a\000t\000i\000o\000n}{chapter.3}% 68
\BOOKMARK [2][-]{subsection.3.24.1}{\376\377\000P\000i\000n\000\040\000R\000e\000a\000d\000\040\000O\000p\000t\000i\000m\000i\000z\000a\000t\000i\000o\000n}{section.3.24}% 69
\BOOKMARK [1][-]{section.3.25}{\376\377\000V\000o\000l\000a\000t\000i\000l\000e\000\040\000T\000y\000p\000e\000\040\000Q\000u\000a\000l\000i\000f\000i\000e\000r}{chapter.3}% 70
\BOOKMARK [2][-]{subsection.3.25.1}{\376\377\000U\000s\000e\000\040\000c\000a\000s\000e\000\040\000o\000f\000\040\000v\000o\000l\000a\000t\000i\000l\000e}{section.3.25}% 71
\BOOKMARK [2][-]{subsection.3.25.2}{\376\377\000v\000o\000l\000a\000t\000i\000l\000e\000\040\000d\000i\000f\000f\000e\000r\000e\000n\000t\000\040\000s\000y\000n\000t\000a\000x}{section.3.25}% 72
\BOOKMARK [2][-]{subsection.3.25.3}{\376\377\000v\000o\000l\000a\000t\000i\000l\000e\000\040\000a\000n\000d\000\040\000I\000S\000R}{section.3.25}% 73
\BOOKMARK [1][-]{section.3.26}{\376\377\000S\000t\000r\000u\000c\000t\000u\000r\000e\000\040\000a\000n\000d\000\040\000B\000i\000t\000\040\000F\000i\000e\000l\000d}{chapter.3}% 74
\BOOKMARK [2][-]{subsection.3.26.1}{\376\377\000S\000o\000m\000e\000\040\000K\000e\000y\000\040\000C\000o\000n\000c\000e\000p\000t\000s}{section.3.26}% 75
\BOOKMARK [2][-]{subsection.3.26.2}{\376\377\000P\000a\000c\000k\000e\000t\000\040\000E\000x\000e\000r\000c\000i\000s\000e}{section.3.26}% 76
\BOOKMARK [1][-]{section.3.27}{\376\377\000U\000n\000i\000o\000n}{chapter.3}% 77
\BOOKMARK [2][-]{subsection.3.27.1}{\376\377\000A\000p\000p\000l\000i\000c\000a\000b\000i\000l\000i\000t\000y\000\040\000o\000f\000\040\000U\000n\000i\000o\000n\000\040\000i\000n\000\040\000e\000m\000b\000e\000d\000d\000e\000d\000\040\000p\000r\000o\000g\000r\000a\000m\000m\000i\000n\000g}{section.3.27}% 78
\BOOKMARK [1][-]{section.3.28}{\376\377\000B\000i\000t\000\040\000f\000i\000e\000l\000d\000s\000\040\000i\000n\000\040\000E\000m\000b\000e\000d\000d\000e\000d\000\040\000C\000o\000d\000e}{chapter.3}% 79
\BOOKMARK [1][-]{section.3.29}{\376\377\000K\000e\000y\000p\000a\000d\000\040\000I\000n\000t\000e\000r\000f\000a\000c\000i\000n\000g}{chapter.3}% 80
\BOOKMARK [2][-]{subsection.3.29.1}{\376\377\000W\000h\000y\000\040\000P\000u\000l\000l\000\040\000u\000p\000\040\000r\000e\000s\000i\000s\000t\000o\000r\000s}{section.3.29}% 81
\BOOKMARK [1][-]{section.3.30}{\376\377\000P\000r\000e\000p\000r\000o\000c\000e\000s\000s\000o\000r\000\040\000D\000i\000r\000e\000c\000t\000i\000v\000e}{chapter.3}% 82
\BOOKMARK [2][-]{subsection.3.30.1}{\376\377\000M\000a\000c\000r\000o\000s\000\040\000P\000r\000e\000p\000r\000o\000c\000e\000s\000s\000o\000r}{section.3.30}% 83
\BOOKMARK [2][-]{subsection.3.30.2}{\376\377\000C\000o\000n\000d\000i\000t\000i\000o\000n\000a\000l\000\040\000D\000i\000r\000e\000c\000t\000i\000v\000e}{section.3.30}% 84
\BOOKMARK [1][-]{section.3.31}{\376\377\000S\000u\000m\000m\000a\000r\000y\000:\000\040\000I\000n\000t\000r\000o\000d\000u\000c\000t\000i\000o\000n\000\040\000a\000n\000d\000\040\000E\000m\000b\000e\000d\000d\000e\000d\000\040\000C}{chapter.3}% 85
\BOOKMARK [2][-]{subsection.3.31.1}{\376\377\000C\000o\000d\000e\000\040\000O\000r\000d\000e\000r}{section.3.31}% 86
\BOOKMARK [0][-]{chapter.4}{\376\377\000E\000m\000b\000e\000d\000d\000e\000d\000\040\000S\000y\000s\000t\000e\000m\000\040\000o\000n\000\040\000A\000r\000m\000\040\000C\000o\000r\000t\000e\000x\000\040\000M\0004\000/\000M\0003}{}% 87
\BOOKMARK [1][-]{section.4.1}{\376\377\000I\000n\000t\000r\000o\000d\000u\000c\000t\000i\000o\000n}{chapter.4}% 88
\BOOKMARK [2][-]{subsection.4.1.1}{\376\377\000P\000r\000o\000c\000e\000s\000s\000o\000r\000\040\000C\000o\000r\000e\000\040\000V\000s\000\040\000P\000r\000o\000c\000e\000s\000s\000o\000r}{section.4.1}% 89
\BOOKMARK [2][-]{subsection.4.1.2}{\376\377\000P\000r\000o\000c\000e\000s\000s\000o\000r\000\040\000v\000s\000\040\000M\000i\000c\000r\000o\000c\000o\000n\000t\000r\000o\000l\000l\000e\000r}{section.4.1}% 90
\BOOKMARK [1][-]{section.4.2}{\376\377\000O\000p\000e\000r\000a\000t\000i\000o\000n\000s\000\040\000M\000o\000d\000e\000s\000\040\000o\000f\000\040\000C\000o\000r\000t\000e\000x\000\040\000P\000r\000o\000c\000e\000s\000s\000o\000r}{chapter.4}% 91
\BOOKMARK [2][-]{subsection.4.2.1}{\376\377\000O\000p\000e\000r\000a\000t\000i\000o\000n\000\040\000M\000o\000d\000e\000\040\000D\000e\000m\000o}{section.4.2}% 92
\BOOKMARK [1][-]{section.4.3}{\376\377\000A\000c\000c\000e\000s\000s\000\040\000L\000e\000v\000e\000l\000s}{chapter.4}% 93
\BOOKMARK [1][-]{section.4.4}{\376\377\000C\000o\000r\000e\000\040\000R\000e\000g\000i\000s\000t\000e\000r\000s}{chapter.4}% 94
\BOOKMARK [1][-]{section.4.5}{\376\377\000M\000e\000m\000o\000r\000y\000\040\000M\000a\000p\000p\000e\000d\000\040\000v\000s\000\040\000N\000o\000n\000-\000M\000e\000m\000o\000r\000y\000\040\000M\000a\000p\000p\000e\000d\000\040\000R\000e\000g\000i\000s\000t\000e\000r\000s}{chapter.4}% 95
\BOOKMARK [1][-]{section.4.6}{\376\377\000A\000R\000M\000\040\000G\000C\000C\000\040\000I\000n\000l\000i\000n\000e\000\040\000A\000s\000s\000e\000m\000b\000l\000y}{chapter.4}% 96
\BOOKMARK [2][-]{subsection.4.6.1}{\376\377\000C\000o\000d\000e\000\040\000E\000x\000\040\0001}{section.4.6}% 97
\BOOKMARK [2][-]{subsection.4.6.2}{\376\377\000C\000o\000d\000e\000\040\000E\000x\000\040\0002\000:\000\040\000C\000\040\000t\000o\000\040\000A\000R\000M\000\040\000R\000e\000g}{section.4.6}% 98
\BOOKMARK [2][-]{subsection.4.6.3}{\376\377\000A\000R\000M\000\040\000t\000o\000\040\000C\000\040\000v\000a\000r\000i\000a\000b\000l\000e}{section.4.6}% 99
\BOOKMARK [1][-]{section.4.7}{\376\377\000R\000e\000s\000e\000t\000\040\000S\000e\000q\000u\000e\000n\000c\000e}{chapter.4}% 100
\BOOKMARK [1][-]{section.4.8}{\376\377\000D\000e\000m\000o\000\040\000f\000o\000r\000\040\000A\000c\000c\000e\000s\000s\000\040\000L\000e\000v\000e\000l}{chapter.4}% 101
\BOOKMARK [1][-]{section.4.9}{\376\377\000M\000e\000m\000o\000r\000y\000\040\000M\000a\000p}{chapter.4}% 102
\BOOKMARK [2][-]{subsection.4.9.1}{\376\377\000B\000u\000s\000\040\000I\000n\000t\000e\000r\000f\000a\000c\000e}{section.4.9}% 103
\BOOKMARK [2][-]{subsection.4.9.2}{\376\377\000B\000i\000t\000\040\000B\000a\000n\000d\000i\000n\000g\000\040\000F\000e\000a\000t\000u\000r\000e}{section.4.9}% 104
\BOOKMARK [1][-]{section.4.10}{\376\377\000S\000t\000a\000c\000k}{chapter.4}% 105
\BOOKMARK [2][-]{subsection.4.10.1}{\376\377\000S\000t\000a\000c\000k\000\040\000E\000x\000e\000r\000c\000i\000s\000e}{section.4.10}% 106
\BOOKMARK [2][-]{subsection.4.10.2}{\376\377\000F\000u\000n\000c\000t\000i\000o\000n\000\040\000C\000a\000l\000l\000\040\000f\000o\000r\000\040\000A\000r\000m\000\040\000A\000r\000c\000h\000i\000t\000e\000c\000t\000u\000r\000e}{section.4.10}% 107
\BOOKMARK [2][-]{subsection.4.10.3}{\376\377\000S\000t\000a\000c\000k\000\040\000d\000u\000r\000i\000n\000g\000\040\000E\000x\000c\000e\000p\000t\000i\000o\000n\000\040\000a\000n\000d\000\040\000I\000n\000t\000e\000r\000r\000u\000p\000t}{section.4.10}% 108
\BOOKMARK [1][-]{section.4.11}{\376\377\000E\000x\000c\000e\000p\000t\000i\000o\000n\000s}{chapter.4}% 109
\BOOKMARK [2][-]{subsection.4.11.1}{\376\377\000S\000y\000s\000t\000e\000m\000\040\000E\000x\000c\000e\000p\000t\000i\000o\000n}{section.4.11}% 110
\BOOKMARK [1][-]{section.4.12}{\376\377\000S\000y\000s\000t\000e\000m\000\040\000E\000x\000c\000e\000p\000t\000i\000o\000n\000\040\000V\000e\000c\000t\000o\000r\000\040\000A\000d\000d\000r\000e\000s\000s}{chapter.4}% 111
\BOOKMARK [1][-]{section.4.13}{\376\377\000S\000y\000s\000t\000e\000m\000\040\000E\000x\000c\000e\000p\000t\000i\000o\000n\000s\000\040\000C\000o\000n\000t\000r\000o\000l\000\040\000R\000e\000g\000i\000s\000t\000e\000r\000s}{chapter.4}% 112
\BOOKMARK [1][-]{section.4.14}{\376\377\000N\000V\000I\000C}{chapter.4}% 113
\BOOKMARK [2][-]{subsection.4.14.1}{\376\377\000N\000V\000I\000C\000\040\000d\000o\000c}{section.4.14}% 114
\BOOKMARK [2][-]{subsection.4.14.2}{\376\377\000I\000n\000t\000e\000r\000r\000u\000p\000t\000\040\000s\000o\000u\000r\000c\000e\000s}{section.4.14}% 115
\BOOKMARK [2][-]{subsection.4.14.3}{\376\377\000G\000e\000n\000e\000r\000i\000c\000\040\000d\000e\000s\000i\000g\000n}{section.4.14}% 116
\BOOKMARK [2][-]{subsection.4.14.4}{\376\377\000N\000V\000I\000C\000\040\000R\000e\000g\000i\000s\000t\000e\000r\000s}{section.4.14}% 117
\BOOKMARK [1][-]{section.4.15}{\376\377\000P\000e\000r\000i\000p\000h\000e\000r\000a\000l\000\040\000I\000n\000t\000e\000r\000r\000u\000p\000t\000\040\000E\000x\000e\000r\000c\000i\000c\000e}{chapter.4}% 118
\BOOKMARK [2][-]{subsection.4.15.1}{\376\377\000I\000n\000t\000e\000r\000r\000u\000p\000t\000\040\000p\000r\000o\000g\000r\000a\000m\000i\000n\000g\000\040\000s\000t\000e\000p\000s}{section.4.15}% 119
\BOOKMARK [1][-]{section.4.16}{\376\377\000S\000u\000m\000m\000a\000r\000y\000:\000\040\000E\000m\000b\000e\000d\000d\000e\000d\000\040\000S\000y\000s\000t\000e\000m\000\040\000o\000n\000\040\000A\000r\000m\000\040\000C\000o\000r\000t\000e\000x\000\040\000M\0003\000/\000M\0004}{chapter.4}% 120
\BOOKMARK [1][-]{section.4.17}{\376\377\000T\000O\000D\000O\000\040\000A\000r\000m\000\040\000C\000o\000r\000t\000e\000x}{chapter.4}% 121
\BOOKMARK [0][-]{chapter.5}{\376\377\000P\000e\000r\000i\000p\000h\000e\000r\000a\000l\000\040\000D\000r\000i\000v\000e\000r\000\040\000D\000e\000v\000e\000l\000o\000p\000m\000e\000n\000t\000\040\000\050\0001\000\051}{}% 122
\BOOKMARK [1][-]{section.5.1}{\376\377\000I\000n\000t\000r\000o\000d\000u\000c\000t\000i\000o\000n}{chapter.5}% 123
\BOOKMARK [1][-]{section.5.2}{\376\377\000D\000e\000b\000u\000g\000g\000i\000n\000g\000\040\000T\000e\000c\000h\000n\000i\000q\000u\000e\000s}{chapter.5}% 124
\BOOKMARK [2][-]{subsection.5.2.1}{\376\377\000D\000e\000b\000u\000g\000g\000i\000n\000g\000\040\000G\000e\000n\000e\000r\000a\000l\000\040\000S\000t\000e\000p\000s}{section.5.2}% 125
\BOOKMARK [2][-]{subsection.5.2.2}{\376\377\000S\000t\000e\000p\000p\000i\000n\000g\000\040\000O\000p\000t\000i\000o\000n\000s}{section.5.2}% 126
\BOOKMARK [2][-]{subsection.5.2.3}{\376\377\000A\000s\000s\000e\000m\000b\000l\000y\000\040\000C\000o\000d\000e\000\040\000D\000e\000b\000u\000g\000g\000i\000n\000g}{section.5.2}% 127
\BOOKMARK [2][-]{subsection.5.2.4}{\376\377\000B\000r\000e\000a\000k\000p\000o\000i\000n\000t\000s}{section.5.2}% 128
\BOOKMARK [2][-]{subsection.5.2.5}{\376\377\000E\000x\000p\000r\000e\000s\000s\000i\000o\000n\000\040\000W\000i\000n\000d\000o\000w}{section.5.2}% 129
\BOOKMARK [2][-]{subsection.5.2.6}{\376\377\000M\000e\000m\000o\000r\000y\000\040\000W\000i\000n\000d\000o\000w}{section.5.2}% 130
\BOOKMARK [2][-]{subsection.5.2.7}{\376\377\000C\000a\000l\000l\000\040\000S\000t\000a\000c\000k}{section.5.2}% 131
\BOOKMARK [2][-]{subsection.5.2.8}{\376\377\000D\000a\000t\000a\000\040\000W\000a\000t\000c\000h\000p\000o\000i\000n\000t}{section.5.2}% 132
\BOOKMARK [2][-]{subsection.5.2.9}{\376\377\000S\000F\000R}{section.5.2}% 133
\BOOKMARK [2][-]{subsection.5.2.10}{\376\377\000E\000x\000t\000r\000a\000\040\000F\000e\000a\000t\000u\000r\000e\000s}{section.5.2}% 134
\BOOKMARK [1][-]{section.5.3}{\376\377\000M\000C\000U\000\040\000M\000e\000m\000o\000r\000y\000\040\000M\000a\000p}{chapter.5}% 135
\BOOKMARK [1][-]{section.5.4}{\376\377\000M\000C\000U\000\040\000B\000u\000s\000\040\000I\000n\000t\000e\000r\000f\000a\000c\000e}{chapter.5}% 136
\BOOKMARK [2][-]{subsection.5.4.1}{\376\377\000B\000u\000s\000\040\000M\000a\000t\000r\000i\000x}{section.5.4}% 137
\BOOKMARK [1][-]{section.5.5}{\376\377\000C\000l\000o\000c\000k\000s\000\040\000i\000n\000\040\000M\000C\000U}{chapter.5}% 138
\BOOKMARK [2][-]{subsection.5.5.1}{\376\377\000H\000S\000I\000\040\000M\000e\000a\000s\000u\000r\000e\000m\000e\000n\000t\000\040\000E\000x\000e\000r\000c\000i\000s\000e}{section.5.5}% 139
\BOOKMARK [1][-]{section.5.6}{\376\377\000V\000e\000c\000t\000o\000r\000\040\000T\000a\000b\000l\000e}{chapter.5}% 140
\BOOKMARK [2][-]{subsection.5.6.1}{\376\377\000S\000t\000a\000r\000t\000u\000p\000\040\000a\000n\000d\000\040\000L\000i\000n\000k\000e\000r\000\040\000S\000c\000r\000i\000p\000t}{section.5.6}% 141
\BOOKMARK [1][-]{section.5.7}{\376\377\000P\000r\000o\000g\000r\000a\000m\000m\000i\000n\000g\000:\000\040\000U\000s\000e\000r\000\040\000B\000u\000t\000t\000o\000n\000\040\000I\000n\000t\000e\000r\000r\000u\000p\000t}{chapter.5}% 142
\BOOKMARK [2][-]{subsection.5.7.1}{\376\377\000B\000u\000t\000t\000o\000n\000\040\000L\000o\000c\000a\000t\000i\000o\000n\000\040\000i\000n\000\040\000M\000C\000U}{section.5.7}% 143
\BOOKMARK [2][-]{subsection.5.7.2}{\376\377\000G\000P\000I\000O\000\040\000I\000n\000t\000e\000r\000r\000u\000p\000t\000s}{section.5.7}% 144
\BOOKMARK [1][-]{section.5.8}{\376\377\000S\000u\000m\000m\000a\000r\000y\000:\000\040\000D\000r\000i\000v\000e\000r\000\040\000P\000a\000r\000t\000\040\0001}{chapter.5}% 145
