2025-08-18 11:37:28,485 [INFO] Activator:176 - 


2025-08-18 11:37:28,487 [INFO] Activator:177 - !SESSION log4j initialized
2025-08-18 11:37:30,703 [INFO] LogOutputStream:77 - [STDOUT_REDIRECT] 
2025-08-18 11:37:32,002 [INFO] ApplicationProperties:184 - Using Application install path: /opt/st/stm32cubeide_1.18.0/plugins/com.st.stm32cube.common.mx_6.14.0.202502271554
2025-08-18 11:37:32,015 [INFO] DbMcusXml:78 - Set database path to: /opt/st/stm32cubeide_1.18.0/plugins/com.st.stm32cube.common.mx_6.14.0.202502271554//db//mcu/
2025-08-18 11:37:32,016 [INFO] ApiDb:274 - Set plugin database path to: /opt/st/stm32cubeide_1.18.0/plugins/com.st.stm32cube.common.mx_6.14.0.202502271554//db//plugins/boardmanager/
2025-08-18 11:37:32,016 [WARN] ApiDb:259 - Overriding images path with different value:  => /opt/st/stm32cubeide_1.18.0/plugins/com.st.stm32cube.common.mx_6.14.0.202502271554//db//plugins/mcufinder/images/
2025-08-18 11:37:32,021 [INFO] ApiDb:250 - Set database path to: /home/lenovo/.stmcufinder/plugins/mcufinder//mcu/
2025-08-18 11:37:32,022 [INFO] DbMcusAds:125 - Set database path to: /home/lenovo/.stmcufinder/plugins/mcufinder//mcu/
2025-08-18 11:37:32,024 [INFO] CrossReferenceDbSqlite:203 - Set database path to: /home/lenovo/.stmcufinder/plugins/mcufinder//mcu/cs/
2025-08-18 11:37:32,106 [INFO] RulesReader:64 - Compatibility file has been processed (301 Rules)
2025-08-18 11:37:32,155 [INFO] DbMcusXml:78 - Set database path to: /opt/st/stm32cubeide_1.18.0/plugins/com.st.stm32cube.common.mx_6.14.0.202502271554//db//mcu/
2025-08-18 11:37:32,155 [INFO] ApiDb:274 - Set plugin database path to: /opt/st/stm32cubeide_1.18.0/plugins/com.st.stm32cube.common.mx_6.14.0.202502271554//db//plugins/boardmanager/
2025-08-18 11:37:32,155 [INFO] ApiDb:261 - Set plugin images path to: /opt/st/stm32cubeide_1.18.0/plugins/com.st.stm32cube.common.mx_6.14.0.202502271554//db//plugins/mcufinder/images/
2025-08-18 11:37:32,156 [WARN] DbFile:41 - Overriding database path with different value: /home/lenovo/.stmcufinder/plugins/mcufinder/ => /home/lenovo/.stmcufinder/plugins/mcufinder
2025-08-18 11:37:32,156 [INFO] ApiDb:250 - Set database path to: /home/lenovo/.stmcufinder/plugins/mcufinder//mcu/
2025-08-18 11:37:32,156 [WARN] DbFile:41 - Overriding database path with different value: /home/lenovo/.stmcufinder/plugins/mcufinder/ => /home/lenovo/.stmcufinder/plugins/mcufinder
2025-08-18 11:37:32,156 [INFO] DbMcusAds:125 - Set database path to: /home/lenovo/.stmcufinder/plugins/mcufinder//mcu/
2025-08-18 11:37:32,156 [WARN] DbFile:41 - Overriding database path with different value: /home/lenovo/.stmcufinder/plugins/mcufinder/ => /home/lenovo/.stmcufinder/plugins/mcufinder
2025-08-18 11:37:32,156 [WARN] DbFile:41 - Overriding database path with different value: /home/lenovo/.stmcufinder/plugins/mcufinder/ => /home/lenovo/.stmcufinder/plugins/mcufinder
2025-08-18 11:37:32,156 [INFO] CrossReferenceDbSqlite:203 - Set database path to: /home/lenovo/.stmcufinder/plugins/mcufinder//mcu/cs/
2025-08-18 11:37:32,211 [INFO] MainPanel:272 - HeapMemory: 268435456
2025-08-18 11:37:32,316 [INFO] DbMcusXml:78 - Set database path to: /opt/st/stm32cubeide_1.18.0/plugins/com.st.stm32cube.common.mx_6.14.0.202502271554//db//mcu/
2025-08-18 11:37:32,316 [INFO] ApiDb:274 - Set plugin database path to: /opt/st/stm32cubeide_1.18.0/plugins/com.st.stm32cube.common.mx_6.14.0.202502271554//db//plugins/boardmanager/
2025-08-18 11:37:32,316 [INFO] ApiDb:261 - Set plugin images path to: /opt/st/stm32cubeide_1.18.0/plugins/com.st.stm32cube.common.mx_6.14.0.202502271554//db//plugins/mcufinder/images/
2025-08-18 11:37:32,316 [WARN] DbFile:41 - Overriding database path with different value: /home/lenovo/.stmcufinder/plugins/mcufinder/ => /home/lenovo/.stmcufinder/plugins/mcufinder
2025-08-18 11:37:32,316 [INFO] ApiDb:250 - Set database path to: /home/lenovo/.stmcufinder/plugins/mcufinder//mcu/
2025-08-18 11:37:32,316 [WARN] DbFile:41 - Overriding database path with different value: /home/lenovo/.stmcufinder/plugins/mcufinder/ => /home/lenovo/.stmcufinder/plugins/mcufinder
2025-08-18 11:37:32,316 [INFO] DbMcusAds:125 - Set database path to: /home/lenovo/.stmcufinder/plugins/mcufinder//mcu/
2025-08-18 11:37:32,316 [WARN] DbFile:41 - Overriding database path with different value: /home/lenovo/.stmcufinder/plugins/mcufinder/ => /home/lenovo/.stmcufinder/plugins/mcufinder
2025-08-18 11:37:32,316 [WARN] DbFile:41 - Overriding database path with different value: /home/lenovo/.stmcufinder/plugins/mcufinder/ => /home/lenovo/.stmcufinder/plugins/mcufinder
2025-08-18 11:37:32,316 [INFO] CrossReferenceDbSqlite:203 - Set database path to: /home/lenovo/.stmcufinder/plugins/mcufinder//mcu/cs/
2025-08-18 11:37:32,329 [INFO] ApplicationProperties:184 - Using Application install path: /opt/st/stm32cubeide_1.18.0/plugins/com.st.stm32cube.common.mx_6.14.0.202502271554
2025-08-18 11:37:32,330 [INFO] PluginManage:196 - Search for loadable plugins [exclusion list=, ]
2025-08-18 11:37:32,330 [INFO] PluginManage:310 - Check plugin analytics
2025-08-18 11:37:32,447 [INFO] AnalyticsPlugin:253 - Accepted Software Licenses: 
2025-08-18 11:37:32,447 [INFO] AnalyticsPlugin:255 - Accepted CMSIS Pack Licenses: 
2025-08-18 11:37:32,447 [INFO] AnalyticsPlugin:257 - Accepted Firmware Licenses: 
2025-08-18 11:37:32,449 [INFO] PluginManage:359 - Loaded plugin analytics (category:tool,tabindex:-1)
2025-08-18 11:37:32,449 [INFO] PluginManage:310 - Check plugin cadmodel
2025-08-18 11:37:32,454 [INFO] CADModel:105 - Init CAD model plugin
2025-08-18 11:37:32,454 [INFO] PluginManage:359 - Loaded plugin cadmodel (category:power,tabindex:5)
2025-08-18 11:37:32,454 [INFO] PluginManage:310 - Check plugin clock
2025-08-18 11:37:32,462 [INFO] PluginManage:359 - Loaded plugin clock (category:base,tabindex:2)
2025-08-18 11:37:32,463 [INFO] PluginManage:310 - Check plugin ddr
2025-08-18 11:37:32,465 [INFO] PluginManage:359 - Loaded plugin ddr (category:tool,tabindex:6)
2025-08-18 11:37:32,465 [INFO] PluginManage:310 - Check plugin filemanager
2025-08-18 11:37:32,601 [INFO] PluginManage:359 - Loaded plugin filemanager (category:base,tabindex:10)
2025-08-18 11:37:32,602 [INFO] PluginManage:310 - Check plugin ipmanager
2025-08-18 11:37:32,608 [INFO] PluginManage:359 - Loaded plugin ipmanager (category:base,tabindex:5)
2025-08-18 11:37:32,609 [INFO] PluginManage:310 - Check plugin lpbam
2025-08-18 11:37:32,618 [INFO] PluginManage:359 - Loaded plugin lpbam (category:base,tabindex:0)
2025-08-18 11:37:32,618 [INFO] PluginManage:310 - Check plugin memorymap
2025-08-18 11:37:32,627 [INFO] PluginManage:359 - Loaded plugin memorymap (category:base,tabindex:4)
2025-08-18 11:37:32,627 [INFO] PluginManage:310 - Check plugin pinoutandconfiguration
2025-08-18 11:37:32,634 [INFO] PluginManage:359 - Loaded plugin pinoutandconfiguration (category:base,tabindex:1)
2025-08-18 11:37:32,634 [INFO] PluginManage:310 - Check plugin pinoutconfig
2025-08-18 11:37:32,691 [WARN] SupportedApi:132 - Cannot load RTOS API schema: s4s-elt-must-match.1: The content of 'definitions' must match (annotation?, (simpleType | complexType)?, (unique | key | keyref)*)). A problem was found starting at: attribute.
2025-08-18 11:37:32,786 [INFO] PluginManage:359 - Loaded plugin pinoutconfig (category:base,tabindex:0)
2025-08-18 11:37:32,786 [INFO] PluginManage:310 - Check plugin power
2025-08-18 11:37:32,794 [INFO] PluginManage:359 - Loaded plugin power (category:power,tabindex:4)
2025-08-18 11:37:32,794 [INFO] PluginManage:310 - Check plugin projectmanager
2025-08-18 11:37:32,803 [INFO] PluginManage:359 - Loaded plugin projectmanager (category:projectmanager,tabindex:4)
2025-08-18 11:37:32,803 [INFO] PluginManage:310 - Check plugin rif
2025-08-18 11:37:32,808 [INFO] PluginManage:359 - Loaded plugin rif (category:base,tabindex:3)
2025-08-18 11:37:32,808 [INFO] PluginManage:310 - Check plugin thirdparty
2025-08-18 11:37:32,880 [INFO] PluginManage:359 - Loaded plugin thirdparty (category:base,tabindex:-1)
2025-08-18 11:37:32,881 [INFO] PluginManage:310 - Check plugin tools
2025-08-18 11:37:32,880 [WARN] IntegrityCheckThread:84 - waiting for thirdparty lock release [integrity check]
2025-08-18 11:37:32,881 [INFO] IntegrityCheckThread:86 - entering critical section [integrity check]
2025-08-18 11:37:32,881 [INFO] ThirdPartyUpdaterWithRetryManager:70 - Updater plugin not ready yet. [1/15]
2025-08-18 11:37:32,882 [INFO] PluginManage:359 - Loaded plugin tools (category:base,tabindex:7)
2025-08-18 11:37:32,882 [INFO] PluginManage:310 - Check plugin tutovideos
2025-08-18 11:37:32,998 [INFO] PluginManage:359 - Loaded plugin tutovideos (category:base,tabindex:-1)
2025-08-18 11:37:32,998 [INFO] PluginManage:310 - Check plugin updater
2025-08-18 11:37:33,014 [INFO] PluginManage:359 - Loaded plugin updater (category:base,tabindex:12)
2025-08-18 11:37:33,015 [INFO] PluginManage:310 - Check plugin userauth
2025-08-18 11:37:33,018 [INFO] UserAuth:118 - Init User Auth plugin
2025-08-18 11:37:33,018 [INFO] PluginManage:359 - Loaded plugin userauth (category:base,tabindex:14)
2025-08-18 11:37:33,019 [INFO] PluginManage:283 - PluginManage : Loaded plugins [18]
2025-08-18 11:37:33,138 [INFO] PinOutPanel:1589 - setPackage(No Configuration,No Configuration)
2025-08-18 11:37:33,180 [INFO] CADModel:165 - CPN selected for project level
2025-08-18 11:37:33,181 [INFO] CADModel:114 - Register for checkConnection events
2025-08-18 11:37:33,188 [INFO] IPUIPlugin:80 - create IPUIPlugin
2025-08-18 11:37:33,188 [INFO] PluginManager:220 - loadIPPluginJar : add i3c
2025-08-18 11:37:33,190 [INFO] IPUIPlugin:80 - create IPUIPlugin
2025-08-18 11:37:33,190 [INFO] PluginManager:220 - loadIPPluginJar : add usbx
2025-08-18 11:37:33,195 [INFO] IPUIPlugin:80 - create IPUIPlugin
2025-08-18 11:37:33,196 [INFO] PluginManager:220 - loadIPPluginJar : add plateformsettings
2025-08-18 11:37:33,200 [INFO] IPUIPlugin:80 - create IPUIPlugin
2025-08-18 11:37:33,200 [INFO] PluginManager:220 - loadIPPluginJar : add dma
2025-08-18 11:37:33,202 [INFO] IPUIPlugin:80 - create IPUIPlugin
2025-08-18 11:37:33,202 [INFO] PluginManager:220 - loadIPPluginJar : add aes
2025-08-18 11:37:33,204 [INFO] IPUIPlugin:80 - create IPUIPlugin
2025-08-18 11:37:33,204 [INFO] PluginManager:220 - loadIPPluginJar : add touchsensing
2025-08-18 11:37:33,207 [INFO] IPUIPlugin:80 - create IPUIPlugin
2025-08-18 11:37:33,207 [INFO] PluginManager:220 - loadIPPluginJar : add resmgrutility
2025-08-18 11:37:33,209 [INFO] IPUIPlugin:80 - create IPUIPlugin
2025-08-18 11:37:33,209 [INFO] PluginManager:220 - loadIPPluginJar : add opamp
2025-08-18 11:37:33,211 [INFO] IPUIPlugin:80 - create IPUIPlugin
2025-08-18 11:37:33,211 [INFO] PluginManager:220 - loadIPPluginJar : add pdm2pcm
2025-08-18 11:37:33,212 [INFO] IPUIPlugin:80 - create IPUIPlugin
2025-08-18 11:37:33,212 [INFO] PluginManager:220 - loadIPPluginJar : add ucpd
2025-08-18 11:37:33,214 [INFO] IPUIPlugin:80 - create IPUIPlugin
2025-08-18 11:37:33,214 [INFO] PluginManager:220 - loadIPPluginJar : add dma3
2025-08-18 11:37:33,215 [INFO] IPUIPlugin:80 - create IPUIPlugin
2025-08-18 11:37:33,215 [INFO] PluginManager:220 - loadIPPluginJar : add usart
2025-08-18 11:37:33,216 [INFO] IPUIPlugin:80 - create IPUIPlugin
2025-08-18 11:37:33,217 [INFO] PluginManager:220 - loadIPPluginJar : add radio
2025-08-18 11:37:33,220 [INFO] IPUIPlugin:80 - create IPUIPlugin
2025-08-18 11:37:33,220 [INFO] PluginManager:220 - loadIPPluginJar : add stm32_wpan
2025-08-18 11:37:33,221 [INFO] IPUIPlugin:80 - create IPUIPlugin
2025-08-18 11:37:33,222 [INFO] PluginManager:220 - loadIPPluginJar : add extmemmanager
2025-08-18 11:37:33,223 [INFO] IPUIPlugin:80 - create IPUIPlugin
2025-08-18 11:37:33,223 [INFO] PluginManager:220 - loadIPPluginJar : add lorawan
2025-08-18 11:37:33,227 [INFO] IPUIPlugin:80 - create IPUIPlugin
2025-08-18 11:37:33,227 [INFO] PluginManager:220 - loadIPPluginJar : add adc
2025-08-18 11:37:33,228 [INFO] IPUIPlugin:80 - create IPUIPlugin
2025-08-18 11:37:33,228 [INFO] PluginManager:220 - loadIPPluginJar : add genericplugin
2025-08-18 11:37:33,229 [INFO] IPUIPlugin:80 - create IPUIPlugin
2025-08-18 11:37:33,229 [INFO] PluginManager:220 - loadIPPluginJar : add spi
2025-08-18 11:37:33,231 [INFO] IPUIPlugin:80 - create IPUIPlugin
2025-08-18 11:37:33,231 [INFO] PluginManager:220 - loadIPPluginJar : add gtzc
2025-08-18 11:37:33,232 [INFO] IPUIPlugin:80 - create IPUIPlugin
2025-08-18 11:37:33,232 [INFO] PluginManager:220 - loadIPPluginJar : add comp
2025-08-18 11:37:33,237 [INFO] IPUIPlugin:80 - create IPUIPlugin
2025-08-18 11:37:33,237 [INFO] PluginManager:220 - loadIPPluginJar : add linkedlist
2025-08-18 11:37:33,239 [INFO] IPUIPlugin:80 - create IPUIPlugin
2025-08-18 11:37:33,239 [INFO] PluginManager:220 - loadIPPluginJar : add ddr_ctrl_phy
2025-08-18 11:37:33,241 [INFO] IPUIPlugin:80 - create IPUIPlugin
2025-08-18 11:37:33,241 [INFO] PluginManager:220 - loadIPPluginJar : add sai
2025-08-18 11:37:33,242 [INFO] IPUIPlugin:80 - create IPUIPlugin
2025-08-18 11:37:33,243 [INFO] PluginManager:220 - loadIPPluginJar : add hash
2025-08-18 11:37:33,244 [INFO] IPUIPlugin:80 - create IPUIPlugin
2025-08-18 11:37:33,244 [INFO] PluginManager:220 - loadIPPluginJar : add dfsdm
2025-08-18 11:37:33,246 [INFO] IPUIPlugin:80 - create IPUIPlugin
2025-08-18 11:37:33,246 [INFO] PluginManager:220 - loadIPPluginJar : add cryp
2025-08-18 11:37:33,248 [INFO] IPUIPlugin:80 - create IPUIPlugin
2025-08-18 11:37:33,248 [INFO] PluginManager:220 - loadIPPluginJar : add fmc
2025-08-18 11:37:33,249 [INFO] IPUIPlugin:80 - create IPUIPlugin
2025-08-18 11:37:33,249 [INFO] PluginManager:220 - loadIPPluginJar : add quadspi
2025-08-18 11:37:33,250 [INFO] IPUIPlugin:80 - create IPUIPlugin
2025-08-18 11:37:33,250 [INFO] PluginManager:220 - loadIPPluginJar : add ltdc
2025-08-18 11:37:33,252 [INFO] IPUIPlugin:80 - create IPUIPlugin
2025-08-18 11:37:33,252 [INFO] PluginManager:220 - loadIPPluginJar : add gfxmmu
2025-08-18 11:37:33,253 [INFO] IPUIPlugin:80 - create IPUIPlugin
2025-08-18 11:37:33,253 [INFO] PluginManager:220 - loadIPPluginJar : add ts
2025-08-18 11:37:33,256 [INFO] IPUIPlugin:80 - create IPUIPlugin
2025-08-18 11:37:33,256 [INFO] PluginManager:220 - loadIPPluginJar : add nvic
2025-08-18 11:37:33,257 [INFO] IPUIPlugin:80 - create IPUIPlugin
2025-08-18 11:37:33,257 [INFO] PluginManager:220 - loadIPPluginJar : add tracer_emb
2025-08-18 11:37:33,259 [INFO] IPUIPlugin:80 - create IPUIPlugin
2025-08-18 11:37:33,259 [INFO] PluginManager:220 - loadIPPluginJar : add i2c
2025-08-18 11:37:33,261 [INFO] IPUIPlugin:80 - create IPUIPlugin
2025-08-18 11:37:33,261 [INFO] PluginManager:220 - loadIPPluginJar : add ipddr
2025-08-18 11:37:33,262 [INFO] IPUIPlugin:80 - create IPUIPlugin
2025-08-18 11:37:33,262 [INFO] PluginManager:220 - loadIPPluginJar : add i2s
2025-08-18 11:37:33,263 [INFO] IPUIPlugin:80 - create IPUIPlugin
2025-08-18 11:37:33,263 [INFO] PluginManager:220 - loadIPPluginJar : add tim
2025-08-18 11:37:33,267 [INFO] IPUIPlugin:80 - create IPUIPlugin
2025-08-18 11:37:33,267 [INFO] PluginManager:220 - loadIPPluginJar : add mdma
2025-08-18 11:37:33,268 [INFO] IPUIPlugin:80 - create IPUIPlugin
2025-08-18 11:37:33,268 [INFO] PluginManager:220 - loadIPPluginJar : add tsc
2025-08-18 11:37:33,269 [INFO] IPUIPlugin:80 - create IPUIPlugin
2025-08-18 11:37:33,269 [INFO] PluginManager:220 - loadIPPluginJar : add fatfs
2025-08-18 11:37:33,272 [INFO] IPUIPlugin:80 - create IPUIPlugin
2025-08-18 11:37:33,272 [INFO] PluginManager:220 - loadIPPluginJar : add gpio
2025-08-18 11:37:33,275 [INFO] IPUIPlugin:80 - create IPUIPlugin
2025-08-18 11:37:33,275 [INFO] PluginManager:220 - loadIPPluginJar : add gic
2025-08-18 11:37:33,277 [INFO] IPUIPlugin:80 - create IPUIPlugin
2025-08-18 11:37:33,277 [INFO] PluginManager:220 - loadIPPluginJar : add can
2025-08-18 11:37:33,278 [INFO] IPUIPlugin:80 - create IPUIPlugin
2025-08-18 11:37:33,279 [INFO] PluginManager:220 - loadIPPluginJar : add openamp
2025-08-18 11:37:33,282 [INFO] IPUIPlugin:80 - create IPUIPlugin
2025-08-18 11:37:33,282 [INFO] PluginManager:220 - loadIPPluginJar : add freertos
2025-08-18 11:37:33,372 [FATAL] Updater:351 - Updater called before beeing initialized
2025-08-18 11:37:33,392 [INFO] RulesReader:64 - Compatibility file has been processed (301 Rules)
2025-08-18 11:37:33,399 [INFO] RulesReader:64 - Compatibility file has been processed (301 Rules)
2025-08-18 11:37:33,403 [INFO] CADModel:165 - CPN selected for project level
2025-08-18 11:37:33,403 [INFO] CADModel:114 - Register for checkConnection events
2025-08-18 11:37:33,403 [FATAL] Updater:351 - Updater called before beeing initialized
2025-08-18 11:37:33,403 [ERROR] CADModel:125 - Updater not yet initialized, retry later 
2025-08-18 11:37:33,477 [FATAL] Updater:351 - Updater called before beeing initialized
2025-08-18 11:37:33,478 [INFO] CADModel:165 - CPN selected for project level
2025-08-18 11:37:33,478 [INFO] CADModel:114 - Register for checkConnection events
2025-08-18 11:37:33,478 [FATAL] Updater:351 - Updater called before beeing initialized
2025-08-18 11:37:33,478 [ERROR] CADModel:125 - Updater not yet initialized, retry later 
2025-08-18 11:37:33,480 [FATAL] Updater:351 - Updater called before beeing initialized
2025-08-18 11:37:33,527 [FATAL] Updater:351 - Updater called before beeing initialized
2025-08-18 11:37:33,530 [INFO] DbMcusAds:53 - JSON generation date=Tue Jul 08 10:14:23 CEST 2025 (1751962463582)
2025-08-18 11:37:33,530 [FATAL] Updater:351 - Updater called before beeing initialized
2025-08-18 11:37:33,553 [WARN] DetailPanel:346 - Failed to get advertising image, set to default
2025-08-18 11:37:33,731 [FATAL] Updater:351 - Updater called before beeing initialized
2025-08-18 11:37:33,733 [FATAL] Updater:351 - Updater called before beeing initialized
2025-08-18 11:37:33,733 [FATAL] Updater:351 - Updater called before beeing initialized
2025-08-18 11:37:33,733 [WARN] DetailPanel:346 - Failed to get advertising image, set to default
2025-08-18 11:37:33,733 [FATAL] Updater:351 - Updater called before beeing initialized
2025-08-18 11:37:33,755 [ERROR] Updater:1198 - MainUpdater not yet initialized. External WinMGr cannot be set.
2025-08-18 11:37:33,757 [INFO] Updater:1134 - Updater Version found : 6.14.0
2025-08-18 11:37:33,767 [INFO] ApplicationProperties:184 - Using Application install path: /opt/st/stm32cubeide_1.18.0/plugins/com.st.stm32cube.common.mx_6.14.0.202502271554
2025-08-18 11:37:35,882 [INFO] ThirdPartyUpdaterWithRetryManager:70 - Updater plugin not ready yet. [2/15]
2025-08-18 11:37:38,411 [INFO] MainUpdater:2872 - connection check result : 10
2025-08-18 11:37:38,412 [INFO] MainUpdater:3566 - Updater definition file requires update
2025-08-18 11:37:38,412 [INFO] MainUpdater:289 - Updater Check For Update Now.
2025-08-18 11:37:38,412 [INFO] MicroXplorer:498 - Change Database Version : DB.6.0.140
2025-08-18 11:37:38,425 [INFO] McuFinderGlobals:63 - Set McuFinder mode to 2 (CubeIDE integrated)
2025-08-18 11:37:38,425 [INFO] UserAuth:171 - activating auth plugin
2025-08-18 11:37:38,427 [INFO] UserAuth:486 - Internet connection configuration mode: 1
2025-08-18 11:37:38,438 [INFO] JxBrowserEngine:152 - Initiate JxBrowser Engine with user profile folder
2025-08-18 11:37:38,882 [WARN] MainUpdater:1193 - Updater busy. Cannot search thirdparties
2025-08-18 11:37:38,883 [INFO] ThirdPartyUpdaterWithRetryManager:96 - Updater plugin is busy. [1/15]
2025-08-18 11:37:39,104 [INFO] WebApp:169 - Instantiating new browser for Auth
2025-08-18 11:37:39,570 [INFO] ServerAccessManage:473 - Download File updaters.zip
2025-08-18 11:37:39,667 [INFO] WebApp:463 - Apply proxy settings
2025-08-18 11:37:39,667 [INFO] WebApp:548 - Chromium requires no authentication
2025-08-18 11:37:39,673 [INFO] WebApp:491 - Direct internet connection detected
2025-08-18 11:37:39,684 [INFO] WebApp:894 - Register for checkConnection events
2025-08-18 11:37:39,684 [INFO] WebApp:463 - Apply proxy settings
2025-08-18 11:37:39,685 [INFO] WebApp:548 - Chromium requires no authentication
2025-08-18 11:37:39,685 [INFO] WebApp:491 - Direct internet connection detected
2025-08-18 11:37:39,767 [INFO] WebApp:225 - Starting web application
2025-08-18 11:37:39,767 [INFO] WebApp:593 - Web application path used /opt/st/stm32cubeide_1.18.0/plugins/com.st.stm32cube.common.mx_6.14.0.202502271554/db/plugins/mcufinder/reactClient1/index.html
2025-08-18 11:37:41,883 [WARN] MainUpdater:1193 - Updater busy. Cannot search thirdparties
2025-08-18 11:37:41,883 [INFO] ThirdPartyUpdaterWithRetryManager:96 - Updater plugin is busy. [2/15]
2025-08-18 11:37:44,884 [WARN] MainUpdater:1193 - Updater busy. Cannot search thirdparties
2025-08-18 11:37:44,884 [INFO] ThirdPartyUpdaterWithRetryManager:96 - Updater plugin is busy. [3/15]
2025-08-18 11:37:46,391 [INFO] WebApp:191 - Connection restablished
2025-08-18 11:37:47,884 [WARN] MainUpdater:1193 - Updater busy. Cannot search thirdparties
2025-08-18 11:37:47,884 [INFO] ThirdPartyUpdaterWithRetryManager:96 - Updater plugin is busy. [4/15]
2025-08-18 11:37:49,078 [INFO] FileExtend:242 - Unzip File : updaters.zip
2025-08-18 11:37:49,078 [INFO] FileExtend:257 - Standard Zip Deflate
2025-08-18 11:37:50,885 [WARN] MainUpdater:1193 - Updater busy. Cannot search thirdparties
2025-08-18 11:37:50,885 [INFO] ThirdPartyUpdaterWithRetryManager:96 - Updater plugin is busy. [5/15]
2025-08-18 11:37:51,961 [INFO] ServerAccessManage:473 - Download File PacksControlFlags.xml
2025-08-18 11:37:53,592 [INFO] ServerAccessManage:473 - Download File cubemx.pidx
2025-08-18 11:37:53,659 [INFO] LoadServerUpdatesThread:375 - End of LoadServerUpdate Thread
2025-08-18 11:37:53,800 [INFO] CheckServerUpdateThread:120 - End of CheckServer Thread
2025-08-18 11:37:54,001 [WARN] PackLoader:240 - Cannot read IP mode file for STMicroelectronics.FP-SNS-MOTENVWB1.1.4.0
2025-08-18 11:37:54,008 [WARN] PackLoader:240 - Cannot read IP mode file for STMicroelectronics.FP-ATR-ASTRA1.2.0.2
2025-08-18 11:37:54,012 [WARN] PackLoader:240 - Cannot read IP mode file for STMicroelectronics.X-CUBE-SMBUS.2.1.0
2025-08-18 11:37:54,017 [WARN] PackLoader:240 - Cannot read IP mode file for STMicroelectronics.X-CUBE-WB05N.1.1.0
2025-08-18 11:37:54,021 [WARN] PackLoader:240 - Cannot read IP mode file for STMicroelectronics.X-CUBE-ST60.1.0.0
2025-08-18 11:37:54,041 [WARN] PackLoader:240 - Cannot read IP mode file for STMicroelectronics.X-CUBE-AZRTOS-F7.1.1.0
2025-08-18 11:37:54,063 [WARN] PackLoader:240 - Cannot read IP mode file for Infineon.AIROC-Wi-Fi-Bluetooth-STM32.1.7.0
2025-08-18 11:37:54,085 [WARN] PackLoader:240 - Cannot read IP mode file for STMicroelectronics.X-CUBE-AZRTOS-H7.3.4.0
2025-08-18 11:37:54,093 [WARN] PackLoader:240 - Cannot read IP mode file for STMicroelectronics.X-CUBE-DISPLAY.3.0.0
2025-08-18 11:37:54,103 [WARN] PackLoader:240 - Cannot read IP mode file for STMicroelectronics.X-CUBE-NFC10.1.0.0
2025-08-18 11:37:54,111 [WARN] PackLoader:240 - Cannot read IP mode file for STMicroelectronics.X-CUBE-BLEMGR.4.0.0
2025-08-18 11:37:54,117 [WARN] PackLoader:240 - Cannot read IP mode file for emotas.I-CUBE-CANOPEN.1.3.0
2025-08-18 11:37:54,119 [WARN] ConditionMgr:438 - getConditionDescription Invalid condition id : Cortex-A Device cause : null
2025-08-18 11:37:54,125 [WARN] ConditionMgr:1044 - genDependencies : Invalid condition id : Cortex-A Device cause : null
2025-08-18 11:37:54,125 [WARN] ConditionMgr:1044 - genDependencies : Invalid condition id : Cortex-A Device cause : null
2025-08-18 11:37:54,125 [WARN] ConditionMgr:1044 - genDependencies : Invalid condition id : Cortex-A Device cause : null
2025-08-18 11:37:54,127 [WARN] PackLoader:240 - Cannot read IP mode file for STMicroelectronics.X-CUBE-AI.10.0.0
2025-08-18 11:37:54,129 [ERROR] Engine:466 - /home/lenovo/.stm32cubemx/thirdparties/pdsc/STMicroelectronics.FP-SNS-STBOX1.2.1.0.pdsc: PDSC version is not supported
2025-08-18 11:37:54,132 [WARN] PackLoader:240 - Cannot read IP mode file for STMicroelectronics.FP-SNS-SMARTAG2.1.2.0
2025-08-18 11:37:54,135 [WARN] PackLoader:240 - Cannot read IP mode file for STMicroelectronics.FP-SNS-FLIGHT1.5.1.0
2025-08-18 11:37:54,161 [WARN] PackLoader:240 - Cannot read IP mode file for STMicroelectronics.X-CUBE-MEMS1.11.1.0
2025-08-18 11:37:54,295 [INFO] LogOutputStream:77 - [STDOUT_REDIRECT] 1 : Invalid condition id : UX_CORESTACK_Condition cause : null
2025-08-18 11:37:54,295 [INFO] LogOutputStream:77 - [STDOUT_REDIRECT] 1 : Invalid condition id : UX_CORESTACK_Condition cause : null
2025-08-18 11:37:54,295 [INFO] LogOutputStream:77 - [STDOUT_REDIRECT] 1 : Invalid condition id : UX_CORESTACK_Condition cause : null
2025-08-18 11:37:54,296 [INFO] LogOutputStream:77 - [STDOUT_REDIRECT] 1 : Invalid condition id : UX_CORESTACK_Condition cause : null
2025-08-18 11:37:54,296 [INFO] LogOutputStream:77 - [STDOUT_REDIRECT] 1 : Invalid condition id : UX_CORESTACK_Condition cause : null
2025-08-18 11:37:54,297 [WARN] PackLoader:240 - Cannot read IP mode file for STMicroelectronics.X-CUBE-AZRTOS-WL.2.0.0
2025-08-18 11:37:54,300 [WARN] PackLoader:240 - Cannot read IP mode file for STMicroelectronics.FP-SNS-MOTENV1.5.0.0
2025-08-18 11:37:54,305 [WARN] PackLoader:240 - Cannot read IP mode file for WES.I-CUBE-Cesium.1.3.0
2025-08-18 11:37:54,307 [WARN] PackLoader:240 - Cannot read IP mode file for STMicroelectronics.X-CUBE-BLE2.3.3.0
2025-08-18 11:37:54,310 [WARN] PackLoader:240 - Cannot read IP mode file for STMicroelectronics.X-CUBE-NFC9.1.0.0
2025-08-18 11:37:54,313 [WARN] PackLoader:240 - Cannot read IP mode file for STMicroelectronics.X-CUBE-BLE1.7.1.0
2025-08-18 11:37:54,315 [WARN] PackLoader:240 - Cannot read IP mode file for wolfSSL.I-CUBE-wolfMQTT.1.19.2
2025-08-18 11:37:54,317 [WARN] PackLoader:240 - Cannot read IP mode file for STMicroelectronics.X-CUBE-EEPRMA1.5.2.0
2025-08-18 11:37:54,321 [WARN] PackLoader:240 - Cannot read IP mode file for STMicroelectronics.X-CUBE-AI.10.1.0
2025-08-18 11:37:54,341 [WARN] PackLoader:240 - Cannot read IP mode file for STMicroelectronics.X-CUBE-MEMS1.11.2.0
2025-08-18 11:37:54,450 [WARN] PackLoader:240 - Cannot read IP mode file for STMicroelectronics.X-CUBE-AZRTOS-G0.1.1.0
2025-08-18 11:37:54,454 [WARN] PackLoader:240 - Cannot read IP mode file for STMicroelectronics.X-CUBE-SAFEA1.1.2.2
2025-08-18 11:37:54,458 [WARN] PackLoader:240 - Cannot read IP mode file for STMicroelectronics.X-CUBE-NFC4.3.0.0
2025-08-18 11:37:54,462 [WARN] PackLoader:240 - Cannot read IP mode file for EmbeddedOffice.I-CUBE-FS-RTOS.1.0.1
2025-08-18 11:37:54,466 [WARN] PackLoader:240 - Cannot read IP mode file for STMicroelectronics.X-CUBE-WB05N.2.0.0
2025-08-18 11:37:54,469 [WARN] PackLoader:240 - Cannot read IP mode file for wolfSSL.I-CUBE-wolfTPM.3.8.0
2025-08-18 11:37:54,471 [WARN] PackLoader:240 - Cannot read IP mode file for STMicroelectronics.X-CUBE-TCPP.4.2.0
2025-08-18 11:37:54,475 [WARN] PackLoader:240 - Cannot read IP mode file for RealThread.X-CUBE-RT-Thread_Nano.4.1.1
2025-08-18 11:37:54,477 [WARN] PackLoader:240 - Cannot read IP mode file for STMicroelectronics.FP-ATR-SIGFOX1.3.2.0
2025-08-18 11:37:54,479 [WARN] PackLoader:240 - Cannot read IP mode file for STMicroelectronics.X-CUBE-EEPRMA1.5.1.0
2025-08-18 11:37:54,483 [WARN] PackLoader:240 - Cannot read IP mode file for wolfSSL.I-CUBE-wolfSSL.5.7.6
2025-08-18 11:37:54,486 [WARN] PackLoader:240 - Cannot read IP mode file for ITTIA_DB.I-CUBE-ITTIADB.8.9.0
2025-08-18 11:37:54,489 [WARN] PackLoader:240 - Cannot read IP mode file for STMicroelectronics.X-CUBE-ST67W61.1.0.0
2025-08-18 11:37:54,491 [WARN] PackLoader:240 - Cannot read IP mode file for STMicroelectronics.X-CUBE-AI.10.2.0
2025-08-18 11:37:54,502 [WARN] PackLoader:240 - Cannot read IP mode file for SEGGER.I-CUBE-embOS.1.3.1
2025-08-18 11:37:54,539 [WARN] PackLoader:240 - Cannot read IP mode file for STMicroelectronics.X-CUBE-ALGOBUILD.1.4.0
2025-08-18 11:37:54,559 [WARN] PackLoader:240 - Cannot read IP mode file for STMicroelectronics.X-CUBE-MEMS1.11.3.0
2025-08-18 11:37:54,680 [WARN] PackLoader:240 - Cannot read IP mode file for STMicroelectronics.X-CUBE-PM33A1.1.0.0
2025-08-18 11:37:54,688 [WARN] PackLoader:240 - Cannot read IP mode file for STMicroelectronics.X-CUBE-AZRTOS-F4.1.1.0
2025-08-18 11:37:54,693 [WARN] PackLoader:240 - Cannot read IP mode file for Avnet-IotConnect.X-CUBE-IoTC-DA16k-PMOD.1.0.0
2025-08-18 11:37:54,695 [WARN] PackLoader:240 - Cannot read IP mode file for STMicroelectronics.X-CUBE-ISPU.2.1.0
2025-08-18 11:37:54,699 [WARN] PackLoader:240 - Cannot read IP mode file for STMicroelectronics.X-CUBE-NFC12.1.0.0
2025-08-18 11:37:54,707 [WARN] PackLoader:240 - Cannot read IP mode file for STMicroelectronics.X-CUBE-AZRTOS-L5.2.0.0
2025-08-18 11:37:54,713 [WARN] PackLoader:240 - Cannot read IP mode file for STMicroelectronics.X-CUBE-NFC6.3.1.0
2025-08-18 11:37:54,719 [WARN] PackLoader:240 - Cannot read IP mode file for STMicroelectronics.X-CUBE-FREERTOS.1.3.1
2025-08-18 11:37:54,722 [WARN] PackLoader:240 - Cannot read IP mode file for STMicroelectronics.X-CUBE-FREERTOS.1.3.0
2025-08-18 11:37:54,724 [WARN] PackLoader:240 - Cannot read IP mode file for STMicroelectronics.X-CUBE-NFC7.1.0.1
2025-08-18 11:37:54,728 [WARN] PackLoader:240 - Cannot read IP mode file for STMicroelectronics.FP-SNS-STAIOTCFT.1.0.0
2025-08-18 11:37:54,731 [WARN] PackLoader:240 - Cannot read IP mode file for STMicroelectronics.X-CUBE-DPower.1.3.0
2025-08-18 11:37:54,738 [WARN] ConditionMgr:438 - getConditionDescription Invalid condition id : LAN8742 Phy interface Condition cause : null
2025-08-18 11:37:54,739 [WARN] PackLoader:240 - Cannot read IP mode file for STMicroelectronics.X-CUBE-AZRTOS-L4.2.0.0
2025-08-18 11:37:54,740 [WARN] ConditionMgr:1044 - genDependencies : Invalid condition id : LAN8742 Phy interface Condition cause : null
2025-08-18 11:37:54,740 [WARN] ConditionMgr:1044 - genDependencies : Invalid condition id : LAN8742 Phy interface Condition cause : null
2025-08-18 11:37:54,741 [WARN] ConditionMgr:1044 - genDependencies : Invalid condition id : LAN8742 Phy interface Condition cause : null
2025-08-18 11:37:54,745 [WARN] PackLoader:240 - Cannot read IP mode file for STMicroelectronics.X-CUBE-SFXS2LP1.4.0.0
2025-08-18 11:37:54,754 [WARN] PackLoader:240 - Cannot read IP mode file for STMicroelectronics.X-CUBE-AZRTOS-H7.3.3.0
2025-08-18 11:37:54,761 [WARN] PackLoader:240 - Cannot read IP mode file for STMicroelectronics.X-CUBE-BLEMGR.4.1.0
2025-08-18 11:37:54,770 [WARN] ConditionMgr:438 - getConditionDescription Invalid condition id : UX DEVICE CLASS RTOS Condition cause : null
2025-08-18 11:37:54,770 [WARN] ConditionMgr:438 - getConditionDescription Invalid condition id : UX DEVICE CLASS RTOS Condition cause : null
2025-08-18 11:37:54,771 [WARN] PackLoader:240 - Cannot read IP mode file for STMicroelectronics.X-CUBE-AZRTOS-WB.2.0.0
2025-08-18 11:37:54,771 [WARN] ConditionMgr:1044 - genDependencies : Invalid condition id : UX DEVICE CLASS RTOS Condition cause : null
2025-08-18 11:37:54,771 [WARN] ConditionMgr:1044 - genDependencies : Invalid condition id : UX DEVICE CLASS RTOS Condition cause : null
2025-08-18 11:37:54,772 [WARN] ConditionMgr:1044 - genDependencies : Invalid condition id : UX DEVICE CLASS RTOS Condition cause : null
2025-08-18 11:37:54,772 [WARN] ConditionMgr:1044 - genDependencies : Invalid condition id : UX DEVICE CLASS RTOS Condition cause : null
2025-08-18 11:37:54,772 [WARN] ConditionMgr:1044 - genDependencies : Invalid condition id : UX DEVICE CLASS RTOS Condition cause : null
2025-08-18 11:37:54,775 [WARN] PackLoader:240 - Cannot read IP mode file for STMicroelectronics.X-CUBE-GNSS1.7.0.1
2025-08-18 11:37:54,779 [WARN] PackLoader:240 - Cannot read IP mode file for STMicroelectronics.X-CUBE-TOUCHGFX.4.25.0
2025-08-18 11:37:54,784 [WARN] PackLoader:240 - Cannot read IP mode file for STMicroelectronics.FP-SNS-STBOX1.2.0.0
2025-08-18 11:37:54,792 [WARN] PackLoader:240 - Cannot read IP mode file for STMicroelectronics.X-CUBE-SUBG2.5.0.0
2025-08-18 11:37:54,805 [WARN] PackLoader:240 - Cannot read IP mode file for STMicroelectronics.X-CUBE-AZRTOS-H7RS.1.1.0
2025-08-18 11:37:54,809 [WARN] PackLoader:240 - Cannot read IP mode file for Cesanta.I-CUBE-Mongoose.7.13.0
2025-08-18 11:37:54,817 [WARN] PackLoader:240 - Cannot read IP mode file for STMicroelectronics.X-CUBE-AZRTOS-G4.2.0.0
2025-08-18 11:37:54,820 [WARN] PackLoader:240 - Cannot read IP mode file for wolfSSL.I-CUBE-wolfSSH.1.4.20
2025-08-18 11:37:54,822 [WARN] PackLoader:240 - Cannot read IP mode file for STMicroelectronics.X-CUBE-NFC7.2.0.0
2025-08-18 11:37:54,829 [WARN] PackLoader:240 - Cannot read IP mode file for STMicroelectronics.X-CUBE-IPS.3.1.0
2025-08-18 11:37:54,838 [WARN] PackLoader:240 - Cannot read IP mode file for STMicroelectronics.X-CUBE-ALS.1.0.2
2025-08-18 11:37:54,842 [WARN] PackLoader:240 - Cannot read IP mode file for portGmbH.I-Cube-SoM-uGOAL.1.1.0
2025-08-18 11:37:54,848 [WARN] PackLoader:240 - Cannot read IP mode file for STMicroelectronics.X-CUBE-TOF1.3.4.2
2025-08-18 11:37:54,864 [WARN] PackLoader:240 - Cannot read IP mode file for STMicroelectronics.X-CUBE-TOF1.3.4.3
2025-08-18 11:37:54,875 [INFO] ThirdParty:978 - Integrity check success = true
2025-08-18 11:37:54,875 [INFO] IntegrityCheckThread:100 - exiting critical section [integrity check]
2025-08-18 11:37:54,875 [INFO] IntegrityCheckThread:103 - End integrity checks thread
