2025-08-21 14:51:05,601 [INFO] Activator:176 - 


2025-08-21 14:51:05,604 [INFO] Activator:177 - !SESSION log4j initialized
2025-08-21 14:51:08,804 [INFO] LogOutputStream:77 - [STDOUT_REDIRECT] 
2025-08-21 14:51:09,268 [INFO] ApplicationProperties:184 - Using Application install path: /opt/st/stm32cubeide_1.18.0/plugins/com.st.stm32cube.common.mx_6.14.0.202502271554
2025-08-21 14:51:09,283 [INFO] DbMcusXml:78 - Set database path to: /opt/st/stm32cubeide_1.18.0/plugins/com.st.stm32cube.common.mx_6.14.0.202502271554//db//mcu/
2025-08-21 14:51:09,283 [INFO] ApiDb:274 - Set plugin database path to: /opt/st/stm32cubeide_1.18.0/plugins/com.st.stm32cube.common.mx_6.14.0.202502271554//db//plugins/boardmanager/
2025-08-21 14:51:09,284 [WARN] ApiDb:259 - Overriding images path with different value:  => /opt/st/stm32cubeide_1.18.0/plugins/com.st.stm32cube.common.mx_6.14.0.202502271554//db//plugins/mcufinder/images/
2025-08-21 14:51:09,290 [INFO] ApiDb:250 - Set database path to: /home/lenovo/.stmcufinder/plugins/mcufinder//mcu/
2025-08-21 14:51:09,292 [INFO] DbMcusAds:125 - Set database path to: /home/lenovo/.stmcufinder/plugins/mcufinder//mcu/
2025-08-21 14:51:09,294 [INFO] CrossReferenceDbSqlite:203 - Set database path to: /home/lenovo/.stmcufinder/plugins/mcufinder//mcu/cs/
2025-08-21 14:51:09,386 [INFO] RulesReader:64 - Compatibility file has been processed (301 Rules)
2025-08-21 14:51:09,439 [INFO] DbMcusXml:78 - Set database path to: /opt/st/stm32cubeide_1.18.0/plugins/com.st.stm32cube.common.mx_6.14.0.202502271554//db//mcu/
2025-08-21 14:51:09,439 [INFO] ApiDb:274 - Set plugin database path to: /opt/st/stm32cubeide_1.18.0/plugins/com.st.stm32cube.common.mx_6.14.0.202502271554//db//plugins/boardmanager/
2025-08-21 14:51:09,439 [INFO] ApiDb:261 - Set plugin images path to: /opt/st/stm32cubeide_1.18.0/plugins/com.st.stm32cube.common.mx_6.14.0.202502271554//db//plugins/mcufinder/images/
2025-08-21 14:51:09,439 [WARN] DbFile:41 - Overriding database path with different value: /home/lenovo/.stmcufinder/plugins/mcufinder/ => /home/lenovo/.stmcufinder/plugins/mcufinder
2025-08-21 14:51:09,439 [INFO] ApiDb:250 - Set database path to: /home/lenovo/.stmcufinder/plugins/mcufinder//mcu/
2025-08-21 14:51:09,439 [WARN] DbFile:41 - Overriding database path with different value: /home/lenovo/.stmcufinder/plugins/mcufinder/ => /home/lenovo/.stmcufinder/plugins/mcufinder
2025-08-21 14:51:09,439 [INFO] DbMcusAds:125 - Set database path to: /home/lenovo/.stmcufinder/plugins/mcufinder//mcu/
2025-08-21 14:51:09,439 [WARN] DbFile:41 - Overriding database path with different value: /home/lenovo/.stmcufinder/plugins/mcufinder/ => /home/lenovo/.stmcufinder/plugins/mcufinder
2025-08-21 14:51:09,439 [WARN] DbFile:41 - Overriding database path with different value: /home/lenovo/.stmcufinder/plugins/mcufinder/ => /home/lenovo/.stmcufinder/plugins/mcufinder
2025-08-21 14:51:09,439 [INFO] CrossReferenceDbSqlite:203 - Set database path to: /home/lenovo/.stmcufinder/plugins/mcufinder//mcu/cs/
2025-08-21 14:51:09,495 [INFO] MainPanel:272 - HeapMemory: 268435456
2025-08-21 14:51:09,599 [INFO] DbMcusXml:78 - Set database path to: /opt/st/stm32cubeide_1.18.0/plugins/com.st.stm32cube.common.mx_6.14.0.202502271554//db//mcu/
2025-08-21 14:51:09,599 [INFO] ApiDb:274 - Set plugin database path to: /opt/st/stm32cubeide_1.18.0/plugins/com.st.stm32cube.common.mx_6.14.0.202502271554//db//plugins/boardmanager/
2025-08-21 14:51:09,599 [INFO] ApiDb:261 - Set plugin images path to: /opt/st/stm32cubeide_1.18.0/plugins/com.st.stm32cube.common.mx_6.14.0.202502271554//db//plugins/mcufinder/images/
2025-08-21 14:51:09,600 [WARN] DbFile:41 - Overriding database path with different value: /home/lenovo/.stmcufinder/plugins/mcufinder/ => /home/lenovo/.stmcufinder/plugins/mcufinder
2025-08-21 14:51:09,600 [INFO] ApiDb:250 - Set database path to: /home/lenovo/.stmcufinder/plugins/mcufinder//mcu/
2025-08-21 14:51:09,600 [WARN] DbFile:41 - Overriding database path with different value: /home/lenovo/.stmcufinder/plugins/mcufinder/ => /home/lenovo/.stmcufinder/plugins/mcufinder
2025-08-21 14:51:09,600 [INFO] DbMcusAds:125 - Set database path to: /home/lenovo/.stmcufinder/plugins/mcufinder//mcu/
2025-08-21 14:51:09,600 [WARN] DbFile:41 - Overriding database path with different value: /home/lenovo/.stmcufinder/plugins/mcufinder/ => /home/lenovo/.stmcufinder/plugins/mcufinder
2025-08-21 14:51:09,600 [WARN] DbFile:41 - Overriding database path with different value: /home/lenovo/.stmcufinder/plugins/mcufinder/ => /home/lenovo/.stmcufinder/plugins/mcufinder
2025-08-21 14:51:09,600 [INFO] CrossReferenceDbSqlite:203 - Set database path to: /home/lenovo/.stmcufinder/plugins/mcufinder//mcu/cs/
2025-08-21 14:51:09,614 [INFO] ApplicationProperties:184 - Using Application install path: /opt/st/stm32cubeide_1.18.0/plugins/com.st.stm32cube.common.mx_6.14.0.202502271554
2025-08-21 14:51:09,615 [INFO] PluginManage:196 - Search for loadable plugins [exclusion list=, ]
2025-08-21 14:51:09,616 [INFO] PluginManage:310 - Check plugin analytics
2025-08-21 14:51:09,739 [INFO] AnalyticsPlugin:253 - Accepted Software Licenses: 
2025-08-21 14:51:09,739 [INFO] AnalyticsPlugin:255 - Accepted CMSIS Pack Licenses: 
2025-08-21 14:51:09,739 [INFO] AnalyticsPlugin:257 - Accepted Firmware Licenses: 
2025-08-21 14:51:09,740 [INFO] PluginManage:359 - Loaded plugin analytics (category:tool,tabindex:-1)
2025-08-21 14:51:09,741 [INFO] PluginManage:310 - Check plugin cadmodel
2025-08-21 14:51:09,747 [INFO] CADModel:105 - Init CAD model plugin
2025-08-21 14:51:09,747 [INFO] PluginManage:359 - Loaded plugin cadmodel (category:power,tabindex:5)
2025-08-21 14:51:09,747 [INFO] PluginManage:310 - Check plugin clock
2025-08-21 14:51:09,755 [INFO] PluginManage:359 - Loaded plugin clock (category:base,tabindex:2)
2025-08-21 14:51:09,755 [INFO] PluginManage:310 - Check plugin ddr
2025-08-21 14:51:09,758 [INFO] PluginManage:359 - Loaded plugin ddr (category:tool,tabindex:6)
2025-08-21 14:51:09,758 [INFO] PluginManage:310 - Check plugin filemanager
2025-08-21 14:51:09,868 [INFO] PluginManage:359 - Loaded plugin filemanager (category:base,tabindex:10)
2025-08-21 14:51:09,869 [INFO] PluginManage:310 - Check plugin ipmanager
2025-08-21 14:51:09,873 [INFO] PluginManage:359 - Loaded plugin ipmanager (category:base,tabindex:5)
2025-08-21 14:51:09,873 [INFO] PluginManage:310 - Check plugin lpbam
2025-08-21 14:51:09,883 [INFO] PluginManage:359 - Loaded plugin lpbam (category:base,tabindex:0)
2025-08-21 14:51:09,883 [INFO] PluginManage:310 - Check plugin memorymap
2025-08-21 14:51:09,893 [INFO] PluginManage:359 - Loaded plugin memorymap (category:base,tabindex:4)
2025-08-21 14:51:09,893 [INFO] PluginManage:310 - Check plugin pinoutandconfiguration
2025-08-21 14:51:09,901 [INFO] PluginManage:359 - Loaded plugin pinoutandconfiguration (category:base,tabindex:1)
2025-08-21 14:51:09,901 [INFO] PluginManage:310 - Check plugin pinoutconfig
2025-08-21 14:51:09,970 [WARN] SupportedApi:132 - Cannot load RTOS API schema: s4s-elt-must-match.1: The content of 'definitions' must match (annotation?, (simpleType | complexType)?, (unique | key | keyref)*)). A problem was found starting at: attribute.
2025-08-21 14:51:10,078 [INFO] PluginManage:359 - Loaded plugin pinoutconfig (category:base,tabindex:0)
2025-08-21 14:51:10,078 [INFO] PluginManage:310 - Check plugin power
2025-08-21 14:51:10,086 [INFO] PluginManage:359 - Loaded plugin power (category:power,tabindex:4)
2025-08-21 14:51:10,086 [INFO] PluginManage:310 - Check plugin projectmanager
2025-08-21 14:51:10,099 [INFO] PluginManage:359 - Loaded plugin projectmanager (category:projectmanager,tabindex:4)
2025-08-21 14:51:10,099 [INFO] PluginManage:310 - Check plugin rif
2025-08-21 14:51:10,107 [INFO] PluginManage:359 - Loaded plugin rif (category:base,tabindex:3)
2025-08-21 14:51:10,107 [INFO] PluginManage:310 - Check plugin thirdparty
2025-08-21 14:51:10,197 [INFO] PluginManage:359 - Loaded plugin thirdparty (category:base,tabindex:-1)
2025-08-21 14:51:10,197 [WARN] IntegrityCheckThread:84 - waiting for thirdparty lock release [integrity check]
2025-08-21 14:51:10,197 [INFO] PluginManage:310 - Check plugin tools
2025-08-21 14:51:10,197 [INFO] IntegrityCheckThread:86 - entering critical section [integrity check]
2025-08-21 14:51:10,197 [INFO] ThirdPartyUpdaterWithRetryManager:70 - Updater plugin not ready yet. [1/15]
2025-08-21 14:51:10,199 [INFO] PluginManage:359 - Loaded plugin tools (category:base,tabindex:7)
2025-08-21 14:51:10,199 [INFO] PluginManage:310 - Check plugin tutovideos
2025-08-21 14:51:10,332 [INFO] PluginManage:359 - Loaded plugin tutovideos (category:base,tabindex:-1)
2025-08-21 14:51:10,333 [INFO] PluginManage:310 - Check plugin updater
2025-08-21 14:51:10,350 [INFO] PluginManage:359 - Loaded plugin updater (category:base,tabindex:12)
2025-08-21 14:51:10,350 [INFO] PluginManage:310 - Check plugin userauth
2025-08-21 14:51:10,353 [INFO] UserAuth:118 - Init User Auth plugin
2025-08-21 14:51:10,354 [INFO] PluginManage:359 - Loaded plugin userauth (category:base,tabindex:14)
2025-08-21 14:51:10,354 [INFO] PluginManage:283 - PluginManage : Loaded plugins [18]
2025-08-21 14:51:10,485 [INFO] PinOutPanel:1589 - setPackage(No Configuration,No Configuration)
2025-08-21 14:51:10,534 [INFO] CADModel:165 - CPN selected for project level
2025-08-21 14:51:10,535 [INFO] CADModel:114 - Register for checkConnection events
2025-08-21 14:51:10,544 [INFO] IPUIPlugin:80 - create IPUIPlugin
2025-08-21 14:51:10,544 [INFO] PluginManager:220 - loadIPPluginJar : add i3c
2025-08-21 14:51:10,547 [INFO] IPUIPlugin:80 - create IPUIPlugin
2025-08-21 14:51:10,547 [INFO] PluginManager:220 - loadIPPluginJar : add usbx
2025-08-21 14:51:10,552 [INFO] IPUIPlugin:80 - create IPUIPlugin
2025-08-21 14:51:10,553 [INFO] PluginManager:220 - loadIPPluginJar : add plateformsettings
2025-08-21 14:51:10,558 [INFO] IPUIPlugin:80 - create IPUIPlugin
2025-08-21 14:51:10,558 [INFO] PluginManager:220 - loadIPPluginJar : add dma
2025-08-21 14:51:10,560 [INFO] IPUIPlugin:80 - create IPUIPlugin
2025-08-21 14:51:10,560 [INFO] PluginManager:220 - loadIPPluginJar : add aes
2025-08-21 14:51:10,562 [INFO] IPUIPlugin:80 - create IPUIPlugin
2025-08-21 14:51:10,562 [INFO] PluginManager:220 - loadIPPluginJar : add touchsensing
2025-08-21 14:51:10,566 [INFO] IPUIPlugin:80 - create IPUIPlugin
2025-08-21 14:51:10,566 [INFO] PluginManager:220 - loadIPPluginJar : add resmgrutility
2025-08-21 14:51:10,568 [INFO] IPUIPlugin:80 - create IPUIPlugin
2025-08-21 14:51:10,568 [INFO] PluginManager:220 - loadIPPluginJar : add opamp
2025-08-21 14:51:10,571 [INFO] IPUIPlugin:80 - create IPUIPlugin
2025-08-21 14:51:10,571 [INFO] PluginManager:220 - loadIPPluginJar : add pdm2pcm
2025-08-21 14:51:10,572 [INFO] IPUIPlugin:80 - create IPUIPlugin
2025-08-21 14:51:10,572 [INFO] PluginManager:220 - loadIPPluginJar : add ucpd
2025-08-21 14:51:10,574 [INFO] IPUIPlugin:80 - create IPUIPlugin
2025-08-21 14:51:10,574 [INFO] PluginManager:220 - loadIPPluginJar : add dma3
2025-08-21 14:51:10,576 [INFO] IPUIPlugin:80 - create IPUIPlugin
2025-08-21 14:51:10,576 [INFO] PluginManager:220 - loadIPPluginJar : add usart
2025-08-21 14:51:10,577 [INFO] IPUIPlugin:80 - create IPUIPlugin
2025-08-21 14:51:10,577 [INFO] PluginManager:220 - loadIPPluginJar : add radio
2025-08-21 14:51:10,581 [INFO] IPUIPlugin:80 - create IPUIPlugin
2025-08-21 14:51:10,582 [INFO] PluginManager:220 - loadIPPluginJar : add stm32_wpan
2025-08-21 14:51:10,583 [INFO] IPUIPlugin:80 - create IPUIPlugin
2025-08-21 14:51:10,584 [INFO] PluginManager:220 - loadIPPluginJar : add extmemmanager
2025-08-21 14:51:10,585 [INFO] IPUIPlugin:80 - create IPUIPlugin
2025-08-21 14:51:10,585 [INFO] PluginManager:220 - loadIPPluginJar : add lorawan
2025-08-21 14:51:10,590 [INFO] IPUIPlugin:80 - create IPUIPlugin
2025-08-21 14:51:10,590 [INFO] PluginManager:220 - loadIPPluginJar : add adc
2025-08-21 14:51:10,591 [INFO] IPUIPlugin:80 - create IPUIPlugin
2025-08-21 14:51:10,591 [INFO] PluginManager:220 - loadIPPluginJar : add genericplugin
2025-08-21 14:51:10,593 [INFO] IPUIPlugin:80 - create IPUIPlugin
2025-08-21 14:51:10,593 [INFO] PluginManager:220 - loadIPPluginJar : add spi
2025-08-21 14:51:10,595 [INFO] IPUIPlugin:80 - create IPUIPlugin
2025-08-21 14:51:10,595 [INFO] PluginManager:220 - loadIPPluginJar : add gtzc
2025-08-21 14:51:10,596 [INFO] IPUIPlugin:80 - create IPUIPlugin
2025-08-21 14:51:10,597 [INFO] PluginManager:220 - loadIPPluginJar : add comp
2025-08-21 14:51:10,603 [INFO] IPUIPlugin:80 - create IPUIPlugin
2025-08-21 14:51:10,603 [INFO] PluginManager:220 - loadIPPluginJar : add linkedlist
2025-08-21 14:51:10,606 [INFO] IPUIPlugin:80 - create IPUIPlugin
2025-08-21 14:51:10,606 [INFO] PluginManager:220 - loadIPPluginJar : add ddr_ctrl_phy
2025-08-21 14:51:10,608 [INFO] IPUIPlugin:80 - create IPUIPlugin
2025-08-21 14:51:10,609 [INFO] PluginManager:220 - loadIPPluginJar : add sai
2025-08-21 14:51:10,610 [INFO] IPUIPlugin:80 - create IPUIPlugin
2025-08-21 14:51:10,611 [INFO] PluginManager:220 - loadIPPluginJar : add hash
2025-08-21 14:51:10,612 [INFO] IPUIPlugin:80 - create IPUIPlugin
2025-08-21 14:51:10,613 [INFO] PluginManager:220 - loadIPPluginJar : add dfsdm
2025-08-21 14:51:10,614 [INFO] IPUIPlugin:80 - create IPUIPlugin
2025-08-21 14:51:10,615 [INFO] PluginManager:220 - loadIPPluginJar : add cryp
2025-08-21 14:51:10,618 [INFO] IPUIPlugin:80 - create IPUIPlugin
2025-08-21 14:51:10,618 [INFO] PluginManager:220 - loadIPPluginJar : add fmc
2025-08-21 14:51:10,619 [INFO] IPUIPlugin:80 - create IPUIPlugin
2025-08-21 14:51:10,619 [INFO] PluginManager:220 - loadIPPluginJar : add quadspi
2025-08-21 14:51:10,620 [INFO] IPUIPlugin:80 - create IPUIPlugin
2025-08-21 14:51:10,620 [INFO] PluginManager:220 - loadIPPluginJar : add ltdc
2025-08-21 14:51:10,622 [INFO] IPUIPlugin:80 - create IPUIPlugin
2025-08-21 14:51:10,622 [INFO] PluginManager:220 - loadIPPluginJar : add gfxmmu
2025-08-21 14:51:10,624 [INFO] IPUIPlugin:80 - create IPUIPlugin
2025-08-21 14:51:10,624 [INFO] PluginManager:220 - loadIPPluginJar : add ts
2025-08-21 14:51:10,627 [INFO] IPUIPlugin:80 - create IPUIPlugin
2025-08-21 14:51:10,628 [INFO] PluginManager:220 - loadIPPluginJar : add nvic
2025-08-21 14:51:10,629 [INFO] IPUIPlugin:80 - create IPUIPlugin
2025-08-21 14:51:10,630 [INFO] PluginManager:220 - loadIPPluginJar : add tracer_emb
2025-08-21 14:51:10,631 [INFO] IPUIPlugin:80 - create IPUIPlugin
2025-08-21 14:51:10,632 [INFO] PluginManager:220 - loadIPPluginJar : add i2c
2025-08-21 14:51:10,634 [INFO] IPUIPlugin:80 - create IPUIPlugin
2025-08-21 14:51:10,634 [INFO] PluginManager:220 - loadIPPluginJar : add ipddr
2025-08-21 14:51:10,636 [INFO] IPUIPlugin:80 - create IPUIPlugin
2025-08-21 14:51:10,636 [INFO] PluginManager:220 - loadIPPluginJar : add i2s
2025-08-21 14:51:10,638 [INFO] IPUIPlugin:80 - create IPUIPlugin
2025-08-21 14:51:10,638 [INFO] PluginManager:220 - loadIPPluginJar : add tim
2025-08-21 14:51:10,643 [INFO] IPUIPlugin:80 - create IPUIPlugin
2025-08-21 14:51:10,643 [INFO] PluginManager:220 - loadIPPluginJar : add mdma
2025-08-21 14:51:10,644 [INFO] IPUIPlugin:80 - create IPUIPlugin
2025-08-21 14:51:10,644 [INFO] PluginManager:220 - loadIPPluginJar : add tsc
2025-08-21 14:51:10,645 [INFO] IPUIPlugin:80 - create IPUIPlugin
2025-08-21 14:51:10,645 [INFO] PluginManager:220 - loadIPPluginJar : add fatfs
2025-08-21 14:51:10,649 [INFO] IPUIPlugin:80 - create IPUIPlugin
2025-08-21 14:51:10,649 [INFO] PluginManager:220 - loadIPPluginJar : add gpio
2025-08-21 14:51:10,653 [INFO] IPUIPlugin:80 - create IPUIPlugin
2025-08-21 14:51:10,654 [INFO] PluginManager:220 - loadIPPluginJar : add gic
2025-08-21 14:51:10,655 [INFO] IPUIPlugin:80 - create IPUIPlugin
2025-08-21 14:51:10,655 [INFO] PluginManager:220 - loadIPPluginJar : add can
2025-08-21 14:51:10,657 [INFO] IPUIPlugin:80 - create IPUIPlugin
2025-08-21 14:51:10,658 [INFO] PluginManager:220 - loadIPPluginJar : add openamp
2025-08-21 14:51:10,661 [INFO] IPUIPlugin:80 - create IPUIPlugin
2025-08-21 14:51:10,662 [INFO] PluginManager:220 - loadIPPluginJar : add freertos
2025-08-21 14:51:10,754 [FATAL] Updater:351 - Updater called before beeing initialized
2025-08-21 14:51:10,775 [INFO] RulesReader:64 - Compatibility file has been processed (301 Rules)
2025-08-21 14:51:10,782 [INFO] RulesReader:64 - Compatibility file has been processed (301 Rules)
2025-08-21 14:51:10,787 [INFO] CADModel:165 - CPN selected for project level
2025-08-21 14:51:10,787 [INFO] CADModel:114 - Register for checkConnection events
2025-08-21 14:51:10,787 [FATAL] Updater:351 - Updater called before beeing initialized
2025-08-21 14:51:10,787 [ERROR] CADModel:125 - Updater not yet initialized, retry later 
2025-08-21 14:51:10,876 [FATAL] Updater:351 - Updater called before beeing initialized
2025-08-21 14:51:10,878 [INFO] CADModel:165 - CPN selected for project level
2025-08-21 14:51:10,878 [INFO] CADModel:114 - Register for checkConnection events
2025-08-21 14:51:10,878 [FATAL] Updater:351 - Updater called before beeing initialized
2025-08-21 14:51:10,878 [ERROR] CADModel:125 - Updater not yet initialized, retry later 
2025-08-21 14:51:10,880 [FATAL] Updater:351 - Updater called before beeing initialized
2025-08-21 14:51:10,946 [FATAL] Updater:351 - Updater called before beeing initialized
2025-08-21 14:51:10,949 [INFO] DbMcusAds:53 - JSON generation date=Tue Jul 08 10:14:23 CEST 2025 (1751962463582)
2025-08-21 14:51:10,949 [FATAL] Updater:351 - Updater called before beeing initialized
2025-08-21 14:51:10,974 [WARN] DetailPanel:346 - Failed to get advertising image, set to default
2025-08-21 14:51:11,163 [FATAL] Updater:351 - Updater called before beeing initialized
2025-08-21 14:51:11,164 [FATAL] Updater:351 - Updater called before beeing initialized
2025-08-21 14:51:11,165 [FATAL] Updater:351 - Updater called before beeing initialized
2025-08-21 14:51:11,165 [WARN] DetailPanel:346 - Failed to get advertising image, set to default
2025-08-21 14:51:11,165 [FATAL] Updater:351 - Updater called before beeing initialized
2025-08-21 14:51:11,190 [ERROR] Updater:1198 - MainUpdater not yet initialized. External WinMGr cannot be set.
2025-08-21 14:51:11,191 [INFO] Updater:1134 - Updater Version found : 6.14.0
2025-08-21 14:51:11,207 [INFO] ApplicationProperties:184 - Using Application install path: /opt/st/stm32cubeide_1.18.0/plugins/com.st.stm32cube.common.mx_6.14.0.202502271554
2025-08-21 14:51:11,459 [INFO] MainUpdater:2872 - connection check result : 10
2025-08-21 14:51:11,460 [INFO] MainUpdater:289 - Updater Check For Update Now.
2025-08-21 14:51:11,460 [INFO] MicroXplorer:498 - Change Database Version : DB.6.0.140
2025-08-21 14:51:11,471 [INFO] McuFinderGlobals:63 - Set McuFinder mode to 2 (CubeIDE integrated)
2025-08-21 14:51:11,472 [INFO] UserAuth:171 - activating auth plugin
2025-08-21 14:51:11,474 [INFO] UserAuth:486 - Internet connection configuration mode: 1
2025-08-21 14:51:11,490 [INFO] JxBrowserEngine:152 - Initiate JxBrowser Engine with user profile folder
2025-08-21 14:51:11,615 [INFO] CheckServerUpdateThread:120 - End of CheckServer Thread
2025-08-21 14:51:12,278 [INFO] WebApp:169 - Instantiating new browser for Auth
2025-08-21 14:51:12,986 [INFO] WebApp:463 - Apply proxy settings
2025-08-21 14:51:12,987 [INFO] WebApp:548 - Chromium requires no authentication
2025-08-21 14:51:12,993 [INFO] WebApp:491 - Direct internet connection detected
2025-08-21 14:51:13,008 [INFO] WebApp:894 - Register for checkConnection events
2025-08-21 14:51:13,008 [INFO] WebApp:463 - Apply proxy settings
2025-08-21 14:51:13,008 [INFO] WebApp:548 - Chromium requires no authentication
2025-08-21 14:51:13,009 [INFO] WebApp:491 - Direct internet connection detected
2025-08-21 14:51:13,113 [INFO] WebApp:225 - Starting web application
2025-08-21 14:51:13,113 [INFO] WebApp:593 - Web application path used /opt/st/stm32cubeide_1.18.0/plugins/com.st.stm32cube.common.mx_6.14.0.202502271554/db/plugins/mcufinder/reactClient1/index.html
2025-08-21 14:51:13,274 [INFO] WebApp:191 - Connection restablished
2025-08-21 14:51:13,329 [WARN] PackLoader:240 - Cannot read IP mode file for STMicroelectronics.FP-SNS-MOTENVWB1.1.4.0
2025-08-21 14:51:13,342 [WARN] PackLoader:240 - Cannot read IP mode file for STMicroelectronics.FP-ATR-ASTRA1.2.0.2
2025-08-21 14:51:13,349 [WARN] PackLoader:240 - Cannot read IP mode file for STMicroelectronics.X-CUBE-SMBUS.2.1.0
2025-08-21 14:51:13,354 [WARN] PackLoader:240 - Cannot read IP mode file for STMicroelectronics.X-CUBE-WB05N.1.1.0
2025-08-21 14:51:13,359 [WARN] PackLoader:240 - Cannot read IP mode file for STMicroelectronics.X-CUBE-ST60.1.0.0
2025-08-21 14:51:13,380 [WARN] PackLoader:240 - Cannot read IP mode file for STMicroelectronics.X-CUBE-AZRTOS-F7.1.1.0
2025-08-21 14:51:13,405 [WARN] PackLoader:240 - Cannot read IP mode file for Infineon.AIROC-Wi-Fi-Bluetooth-STM32.1.7.0
2025-08-21 14:51:13,430 [WARN] PackLoader:240 - Cannot read IP mode file for STMicroelectronics.X-CUBE-AZRTOS-H7.3.4.0
2025-08-21 14:51:13,439 [WARN] PackLoader:240 - Cannot read IP mode file for STMicroelectronics.X-CUBE-DISPLAY.3.0.0
2025-08-21 14:51:13,450 [WARN] PackLoader:240 - Cannot read IP mode file for STMicroelectronics.X-CUBE-NFC10.1.0.0
2025-08-21 14:51:13,457 [WARN] PackLoader:240 - Cannot read IP mode file for STMicroelectronics.X-CUBE-BLEMGR.4.0.0
2025-08-21 14:51:13,463 [WARN] PackLoader:240 - Cannot read IP mode file for emotas.I-CUBE-CANOPEN.1.3.0
2025-08-21 14:51:13,466 [WARN] ConditionMgr:438 - getConditionDescription Invalid condition id : Cortex-A Device cause : null
2025-08-21 14:51:13,473 [WARN] ConditionMgr:1044 - genDependencies : Invalid condition id : Cortex-A Device cause : null
2025-08-21 14:51:13,474 [WARN] ConditionMgr:1044 - genDependencies : Invalid condition id : Cortex-A Device cause : null
2025-08-21 14:51:13,474 [WARN] ConditionMgr:1044 - genDependencies : Invalid condition id : Cortex-A Device cause : null
2025-08-21 14:51:13,476 [WARN] PackLoader:240 - Cannot read IP mode file for STMicroelectronics.X-CUBE-AI.10.0.0
2025-08-21 14:51:13,480 [ERROR] Engine:466 - /home/lenovo/.stm32cubemx/thirdparties/pdsc/STMicroelectronics.FP-SNS-STBOX1.2.1.0.pdsc: PDSC version is not supported
2025-08-21 14:51:13,482 [WARN] PackLoader:240 - Cannot read IP mode file for STMicroelectronics.FP-SNS-SMARTAG2.1.2.0
2025-08-21 14:51:13,485 [WARN] PackLoader:240 - Cannot read IP mode file for STMicroelectronics.FP-SNS-FLIGHT1.5.1.0
2025-08-21 14:51:13,511 [WARN] PackLoader:240 - Cannot read IP mode file for STMicroelectronics.X-CUBE-MEMS1.11.1.0
2025-08-21 14:51:13,692 [INFO] LogOutputStream:77 - [STDOUT_REDIRECT] 1 : Invalid condition id : UX_CORESTACK_Condition cause : null
2025-08-21 14:51:13,693 [INFO] LogOutputStream:77 - [STDOUT_REDIRECT] 1 : Invalid condition id : UX_CORESTACK_Condition cause : null
2025-08-21 14:51:13,693 [INFO] LogOutputStream:77 - [STDOUT_REDIRECT] 1 : Invalid condition id : UX_CORESTACK_Condition cause : null
2025-08-21 14:51:13,693 [INFO] LogOutputStream:77 - [STDOUT_REDIRECT] 1 : Invalid condition id : UX_CORESTACK_Condition cause : null
2025-08-21 14:51:13,693 [INFO] LogOutputStream:77 - [STDOUT_REDIRECT] 1 : Invalid condition id : UX_CORESTACK_Condition cause : null
2025-08-21 14:51:13,696 [WARN] PackLoader:240 - Cannot read IP mode file for STMicroelectronics.X-CUBE-AZRTOS-WL.2.0.0
2025-08-21 14:51:13,699 [WARN] PackLoader:240 - Cannot read IP mode file for STMicroelectronics.FP-SNS-MOTENV1.5.0.0
2025-08-21 14:51:13,704 [WARN] PackLoader:240 - Cannot read IP mode file for WES.I-CUBE-Cesium.1.3.0
2025-08-21 14:51:13,707 [WARN] PackLoader:240 - Cannot read IP mode file for STMicroelectronics.X-CUBE-BLE2.3.3.0
2025-08-21 14:51:13,710 [WARN] PackLoader:240 - Cannot read IP mode file for STMicroelectronics.X-CUBE-NFC9.1.0.0
2025-08-21 14:51:13,714 [WARN] PackLoader:240 - Cannot read IP mode file for STMicroelectronics.X-CUBE-BLE1.7.1.0
2025-08-21 14:51:13,716 [WARN] PackLoader:240 - Cannot read IP mode file for wolfSSL.I-CUBE-wolfMQTT.1.19.2
2025-08-21 14:51:13,719 [WARN] PackLoader:240 - Cannot read IP mode file for STMicroelectronics.X-CUBE-EEPRMA1.5.2.0
2025-08-21 14:51:13,723 [WARN] PackLoader:240 - Cannot read IP mode file for STMicroelectronics.X-CUBE-AI.10.1.0
2025-08-21 14:51:13,747 [WARN] PackLoader:240 - Cannot read IP mode file for STMicroelectronics.X-CUBE-MEMS1.11.2.0
2025-08-21 14:51:13,898 [WARN] PackLoader:240 - Cannot read IP mode file for STMicroelectronics.X-CUBE-AZRTOS-G0.1.1.0
2025-08-21 14:51:13,902 [WARN] PackLoader:240 - Cannot read IP mode file for STMicroelectronics.X-CUBE-SAFEA1.1.2.2
2025-08-21 14:51:13,906 [WARN] PackLoader:240 - Cannot read IP mode file for STMicroelectronics.X-CUBE-NFC4.3.0.0
2025-08-21 14:51:13,911 [WARN] PackLoader:240 - Cannot read IP mode file for EmbeddedOffice.I-CUBE-FS-RTOS.1.0.1
2025-08-21 14:51:13,915 [WARN] PackLoader:240 - Cannot read IP mode file for STMicroelectronics.X-CUBE-WB05N.2.0.0
2025-08-21 14:51:13,917 [WARN] PackLoader:240 - Cannot read IP mode file for wolfSSL.I-CUBE-wolfTPM.3.8.0
2025-08-21 14:51:13,920 [WARN] PackLoader:240 - Cannot read IP mode file for STMicroelectronics.X-CUBE-TCPP.4.2.0
2025-08-21 14:51:13,923 [WARN] PackLoader:240 - Cannot read IP mode file for RealThread.X-CUBE-RT-Thread_Nano.4.1.1
2025-08-21 14:51:13,925 [WARN] PackLoader:240 - Cannot read IP mode file for STMicroelectronics.FP-ATR-SIGFOX1.3.2.0
2025-08-21 14:51:13,928 [WARN] PackLoader:240 - Cannot read IP mode file for STMicroelectronics.X-CUBE-EEPRMA1.5.1.0
2025-08-21 14:51:13,932 [WARN] PackLoader:240 - Cannot read IP mode file for wolfSSL.I-CUBE-wolfSSL.5.7.6
2025-08-21 14:51:13,935 [WARN] PackLoader:240 - Cannot read IP mode file for ITTIA_DB.I-CUBE-ITTIADB.8.9.0
2025-08-21 14:51:13,938 [WARN] PackLoader:240 - Cannot read IP mode file for STMicroelectronics.X-CUBE-ST67W61.1.0.0
2025-08-21 14:51:13,940 [WARN] PackLoader:240 - Cannot read IP mode file for STMicroelectronics.X-CUBE-AI.10.2.0
2025-08-21 14:51:13,958 [WARN] PackLoader:240 - Cannot read IP mode file for SEGGER.I-CUBE-embOS.1.3.1
2025-08-21 14:51:13,999 [WARN] PackLoader:240 - Cannot read IP mode file for STMicroelectronics.X-CUBE-ALGOBUILD.1.4.0
2025-08-21 14:51:14,021 [WARN] PackLoader:240 - Cannot read IP mode file for STMicroelectronics.X-CUBE-MEMS1.11.3.0
2025-08-21 14:51:14,174 [WARN] PackLoader:240 - Cannot read IP mode file for STMicroelectronics.X-CUBE-PM33A1.1.0.0
2025-08-21 14:51:14,183 [WARN] PackLoader:240 - Cannot read IP mode file for STMicroelectronics.X-CUBE-AZRTOS-F4.1.1.0
2025-08-21 14:51:14,188 [WARN] PackLoader:240 - Cannot read IP mode file for Avnet-IotConnect.X-CUBE-IoTC-DA16k-PMOD.1.0.0
2025-08-21 14:51:14,199 [WARN] PackLoader:240 - Cannot read IP mode file for STMicroelectronics.X-CUBE-ISPU.2.1.0
2025-08-21 14:51:14,206 [WARN] PackLoader:240 - Cannot read IP mode file for STMicroelectronics.X-CUBE-NFC12.1.0.0
2025-08-21 14:51:14,219 [WARN] PackLoader:240 - Cannot read IP mode file for STMicroelectronics.X-CUBE-AZRTOS-L5.2.0.0
2025-08-21 14:51:14,227 [WARN] PackLoader:240 - Cannot read IP mode file for STMicroelectronics.X-CUBE-NFC6.3.1.0
2025-08-21 14:51:14,233 [WARN] PackLoader:240 - Cannot read IP mode file for STMicroelectronics.X-CUBE-FREERTOS.1.3.1
2025-08-21 14:51:14,235 [WARN] PackLoader:240 - Cannot read IP mode file for STMicroelectronics.X-CUBE-FREERTOS.1.3.0
2025-08-21 14:51:14,237 [WARN] PackLoader:240 - Cannot read IP mode file for STMicroelectronics.X-CUBE-NFC7.1.0.1
2025-08-21 14:51:14,241 [WARN] PackLoader:240 - Cannot read IP mode file for STMicroelectronics.FP-SNS-STAIOTCFT.1.0.0
2025-08-21 14:51:14,243 [WARN] PackLoader:240 - Cannot read IP mode file for STMicroelectronics.X-CUBE-DPower.1.3.0
2025-08-21 14:51:14,251 [WARN] ConditionMgr:438 - getConditionDescription Invalid condition id : LAN8742 Phy interface Condition cause : null
2025-08-21 14:51:14,251 [WARN] PackLoader:240 - Cannot read IP mode file for STMicroelectronics.X-CUBE-AZRTOS-L4.2.0.0
2025-08-21 14:51:14,252 [WARN] ConditionMgr:1044 - genDependencies : Invalid condition id : LAN8742 Phy interface Condition cause : null
2025-08-21 14:51:14,253 [WARN] ConditionMgr:1044 - genDependencies : Invalid condition id : LAN8742 Phy interface Condition cause : null
2025-08-21 14:51:14,253 [WARN] ConditionMgr:1044 - genDependencies : Invalid condition id : LAN8742 Phy interface Condition cause : null
2025-08-21 14:51:14,258 [WARN] PackLoader:240 - Cannot read IP mode file for STMicroelectronics.X-CUBE-SFXS2LP1.4.0.0
2025-08-21 14:51:14,268 [WARN] PackLoader:240 - Cannot read IP mode file for STMicroelectronics.X-CUBE-AZRTOS-H7.3.3.0
2025-08-21 14:51:14,276 [WARN] PackLoader:240 - Cannot read IP mode file for STMicroelectronics.X-CUBE-BLEMGR.4.1.0
2025-08-21 14:51:14,284 [WARN] ConditionMgr:438 - getConditionDescription Invalid condition id : UX DEVICE CLASS RTOS Condition cause : null
2025-08-21 14:51:14,284 [WARN] ConditionMgr:438 - getConditionDescription Invalid condition id : UX DEVICE CLASS RTOS Condition cause : null
2025-08-21 14:51:14,285 [WARN] PackLoader:240 - Cannot read IP mode file for STMicroelectronics.X-CUBE-AZRTOS-WB.2.0.0
2025-08-21 14:51:14,286 [WARN] ConditionMgr:1044 - genDependencies : Invalid condition id : UX DEVICE CLASS RTOS Condition cause : null
2025-08-21 14:51:14,286 [WARN] ConditionMgr:1044 - genDependencies : Invalid condition id : UX DEVICE CLASS RTOS Condition cause : null
2025-08-21 14:51:14,286 [WARN] ConditionMgr:1044 - genDependencies : Invalid condition id : UX DEVICE CLASS RTOS Condition cause : null
2025-08-21 14:51:14,286 [WARN] ConditionMgr:1044 - genDependencies : Invalid condition id : UX DEVICE CLASS RTOS Condition cause : null
2025-08-21 14:51:14,287 [WARN] ConditionMgr:1044 - genDependencies : Invalid condition id : UX DEVICE CLASS RTOS Condition cause : null
2025-08-21 14:51:14,291 [WARN] PackLoader:240 - Cannot read IP mode file for STMicroelectronics.X-CUBE-GNSS1.7.0.1
2025-08-21 14:51:14,299 [WARN] PackLoader:240 - Cannot read IP mode file for STMicroelectronics.X-CUBE-TOUCHGFX.4.25.0
2025-08-21 14:51:14,302 [WARN] PackLoader:240 - Cannot read IP mode file for STMicroelectronics.FP-SNS-STBOX1.2.0.0
2025-08-21 14:51:14,310 [WARN] PackLoader:240 - Cannot read IP mode file for STMicroelectronics.X-CUBE-SUBG2.5.0.0
2025-08-21 14:51:14,325 [WARN] PackLoader:240 - Cannot read IP mode file for STMicroelectronics.X-CUBE-AZRTOS-H7RS.1.1.0
2025-08-21 14:51:14,330 [WARN] PackLoader:240 - Cannot read IP mode file for Cesanta.I-CUBE-Mongoose.7.13.0
2025-08-21 14:51:14,336 [WARN] PackLoader:240 - Cannot read IP mode file for STMicroelectronics.X-CUBE-AZRTOS-G4.2.0.0
2025-08-21 14:51:14,340 [WARN] PackLoader:240 - Cannot read IP mode file for wolfSSL.I-CUBE-wolfSSH.1.4.20
2025-08-21 14:51:14,342 [WARN] PackLoader:240 - Cannot read IP mode file for STMicroelectronics.X-CUBE-NFC7.2.0.0
2025-08-21 14:51:14,349 [WARN] PackLoader:240 - Cannot read IP mode file for STMicroelectronics.X-CUBE-IPS.3.1.0
2025-08-21 14:51:14,360 [WARN] PackLoader:240 - Cannot read IP mode file for STMicroelectronics.X-CUBE-ALS.1.0.2
2025-08-21 14:51:14,363 [WARN] PackLoader:240 - Cannot read IP mode file for portGmbH.I-Cube-SoM-uGOAL.1.1.0
2025-08-21 14:51:14,368 [WARN] PackLoader:240 - Cannot read IP mode file for STMicroelectronics.X-CUBE-TOF1.3.4.2
2025-08-21 14:51:14,385 [WARN] PackLoader:240 - Cannot read IP mode file for STMicroelectronics.X-CUBE-TOF1.3.4.3
2025-08-21 14:51:14,399 [INFO] ThirdParty:978 - Integrity check success = true
2025-08-21 14:51:14,399 [INFO] IntegrityCheckThread:100 - exiting critical section [integrity check]
2025-08-21 14:51:14,399 [INFO] IntegrityCheckThread:103 - End integrity checks thread
2025-08-21 18:19:33,347 [INFO] WebApp:194 - Connection lost
2025-08-21 18:19:43,005 [INFO] WebApp:191 - Connection restablished
2025-08-21 18:20:16,490 [INFO] WebApp:194 - Connection lost
2025-08-21 19:01:25,452 [INFO] WebApp:191 - Connection restablished
2025-08-21 19:01:29,356 [INFO] WebApp:194 - Connection lost
2025-08-21 19:01:29,618 [INFO] WebApp:191 - Connection restablished
